INFO - 2025-01-07 04:18:46 --> Session: Class initialized using 'CodeIgniter\Session\Handlers\FileHandler' driver.
WARNING - 2025-01-07 04:18:46 --> Session: Sessions is enabled, and one exists. Please don't $session->start();
INFO - 2025-01-07 04:18:52 --> Session: Class initialized using 'CodeIgniter\Session\Handlers\FileHandler' driver.
WARNING - 2025-01-07 04:18:52 --> Session: Sessions is enabled, and one exists. Please don't $session->start();
INFO - 2025-01-07 04:18:53 --> Session: Class initialized using 'CodeIgniter\Session\Handlers\FileHandler' driver.
INFO - 2025-01-07 04:20:06 --> Session: Class initialized using 'CodeIgniter\Session\Handlers\FileHandler' driver.
INFO - 2025-01-07 04:20:07 --> Session: Class initialized using 'CodeIgniter\Session\Handlers\FileHandler' driver.
WARNING - 2025-01-07 04:20:07 --> Session: Sessions is enabled, and one exists. Please don't $session->start();
INFO - 2025-01-07 04:20:08 --> Session: Class initialized using 'CodeIgniter\Session\Handlers\FileHandler' driver.
INFO - 2025-01-07 04:20:10 --> Session: Class initialized using 'CodeIgniter\Session\Handlers\FileHandler' driver.
WARNING - 2025-01-07 04:20:10 --> [DEPRECATED] Creation of dynamic property App\Controllers\TestController::$jwtKey is deprecated in APPPATH\Controllers\TestController.php on line 26.
 1 SYSTEMPATH\CodeIgniter.php(903): App\Controllers\TestController->__construct()
 2 SYSTEMPATH\CodeIgniter.php(500): CodeIgniter\CodeIgniter->createController()
 3 SYSTEMPATH\CodeIgniter.php(355): CodeIgniter\CodeIgniter->handleRequest(null, Object(Config\Cache), false)
 4 SYSTEMPATH\Boot.php(325): CodeIgniter\CodeIgniter->run()
 5 SYSTEMPATH\Boot.php(67): CodeIgniter\Boot::runCodeIgniter(Object(CodeIgniter\CodeIgniter))
 6 FCPATH\index.php(56): CodeIgniter\Boot::bootWeb(Object(Config\Paths))
 7 SYSTEMPATH\rewrite.php(44): require_once('D:\\College\\5th_Sem\\TST\\TST_UAS\\UAS\\public\\index.php')
INFO - 2025-01-07 04:20:10 --> Session: Class initialized using 'CodeIgniter\Session\Handlers\FileHandler' driver.
WARNING - 2025-01-07 04:20:10 --> [DEPRECATED] Creation of dynamic property App\Controllers\TestController::$jwtKey is deprecated in APPPATH\Controllers\TestController.php on line 26.
 1 SYSTEMPATH\CodeIgniter.php(903): App\Controllers\TestController->__construct()
 2 SYSTEMPATH\CodeIgniter.php(500): CodeIgniter\CodeIgniter->createController()
 3 SYSTEMPATH\CodeIgniter.php(355): CodeIgniter\CodeIgniter->handleRequest(null, Object(Config\Cache), false)
 4 SYSTEMPATH\Boot.php(325): CodeIgniter\CodeIgniter->run()
 5 SYSTEMPATH\Boot.php(67): CodeIgniter\Boot::runCodeIgniter(Object(CodeIgniter\CodeIgniter))
 6 FCPATH\index.php(56): CodeIgniter\Boot::bootWeb(Object(Config\Paths))
 7 SYSTEMPATH\rewrite.php(44): require_once('D:\\College\\5th_Sem\\TST\\TST_UAS\\UAS\\public\\index.php')
INFO - 2025-01-07 04:20:13 --> Session: Class initialized using 'CodeIgniter\Session\Handlers\FileHandler' driver.
INFO - 2025-01-07 04:20:17 --> Session: Class initialized using 'CodeIgniter\Session\Handlers\FileHandler' driver.
WARNING - 2025-01-07 04:20:17 --> [DEPRECATED] Creation of dynamic property App\Controllers\TestController::$jwtKey is deprecated in APPPATH\Controllers\TestController.php on line 26.
 1 SYSTEMPATH\CodeIgniter.php(903): App\Controllers\TestController->__construct()
 2 SYSTEMPATH\CodeIgniter.php(500): CodeIgniter\CodeIgniter->createController()
 3 SYSTEMPATH\CodeIgniter.php(355): CodeIgniter\CodeIgniter->handleRequest(null, Object(Config\Cache), false)
 4 SYSTEMPATH\Boot.php(325): CodeIgniter\CodeIgniter->run()
 5 SYSTEMPATH\Boot.php(67): CodeIgniter\Boot::runCodeIgniter(Object(CodeIgniter\CodeIgniter))
 6 FCPATH\index.php(56): CodeIgniter\Boot::bootWeb(Object(Config\Paths))
 7 SYSTEMPATH\rewrite.php(44): require_once('D:\\College\\5th_Sem\\TST\\TST_UAS\\UAS\\public\\index.php')
INFO - 2025-01-07 04:20:18 --> Session: Class initialized using 'CodeIgniter\Session\Handlers\FileHandler' driver.
INFO - 2025-01-07 04:27:29 --> Session: Class initialized using 'CodeIgniter\Session\Handlers\FileHandler' driver.
WARNING - 2025-01-07 04:27:29 --> [DEPRECATED] Creation of dynamic property App\Controllers\TestController::$jwtKey is deprecated in APPPATH\Controllers\TestController.php on line 26.
 1 SYSTEMPATH\CodeIgniter.php(903): App\Controllers\TestController->__construct()
 2 SYSTEMPATH\CodeIgniter.php(500): CodeIgniter\CodeIgniter->createController()
 3 SYSTEMPATH\CodeIgniter.php(355): CodeIgniter\CodeIgniter->handleRequest(null, Object(Config\Cache), false)
 4 SYSTEMPATH\Boot.php(325): CodeIgniter\CodeIgniter->run()
 5 SYSTEMPATH\Boot.php(67): CodeIgniter\Boot::runCodeIgniter(Object(CodeIgniter\CodeIgniter))
 6 FCPATH\index.php(56): CodeIgniter\Boot::bootWeb(Object(Config\Paths))
 7 SYSTEMPATH\rewrite.php(44): require_once('D:\\College\\5th_Sem\\TST\\TST_UAS\\UAS\\public\\index.php')
INFO - 2025-01-07 04:27:29 --> Session: Class initialized using 'CodeIgniter\Session\Handlers\FileHandler' driver.
WARNING - 2025-01-07 04:27:29 --> [DEPRECATED] Creation of dynamic property App\Controllers\TestController::$jwtKey is deprecated in APPPATH\Controllers\TestController.php on line 26.
 1 SYSTEMPATH\CodeIgniter.php(903): App\Controllers\TestController->__construct()
 2 SYSTEMPATH\CodeIgniter.php(500): CodeIgniter\CodeIgniter->createController()
 3 SYSTEMPATH\CodeIgniter.php(355): CodeIgniter\CodeIgniter->handleRequest(null, Object(Config\Cache), false)
 4 SYSTEMPATH\Boot.php(325): CodeIgniter\CodeIgniter->run()
 5 SYSTEMPATH\Boot.php(67): CodeIgniter\Boot::runCodeIgniter(Object(CodeIgniter\CodeIgniter))
 6 FCPATH\index.php(56): CodeIgniter\Boot::bootWeb(Object(Config\Paths))
 7 SYSTEMPATH\rewrite.php(44): require_once('D:\\College\\5th_Sem\\TST\\TST_UAS\\UAS\\public\\index.php')
INFO - 2025-01-07 04:27:30 --> Session: Class initialized using 'CodeIgniter\Session\Handlers\FileHandler' driver.
INFO - 2025-01-07 04:28:52 --> Session: Class initialized using 'CodeIgniter\Session\Handlers\FileHandler' driver.
WARNING - 2025-01-07 04:28:52 --> [DEPRECATED] Creation of dynamic property App\Controllers\TestController::$jwtKey is deprecated in APPPATH\Controllers\TestController.php on line 26.
 1 SYSTEMPATH\CodeIgniter.php(903): App\Controllers\TestController->__construct()
 2 SYSTEMPATH\CodeIgniter.php(500): CodeIgniter\CodeIgniter->createController()
 3 SYSTEMPATH\CodeIgniter.php(355): CodeIgniter\CodeIgniter->handleRequest(null, Object(Config\Cache), false)
 4 SYSTEMPATH\Boot.php(325): CodeIgniter\CodeIgniter->run()
 5 SYSTEMPATH\Boot.php(67): CodeIgniter\Boot::runCodeIgniter(Object(CodeIgniter\CodeIgniter))
 6 FCPATH\index.php(56): CodeIgniter\Boot::bootWeb(Object(Config\Paths))
 7 SYSTEMPATH\rewrite.php(44): require_once('D:\\College\\5th_Sem\\TST\\TST_UAS\\UAS\\public\\index.php')
INFO - 2025-01-07 04:28:53 --> Session: Class initialized using 'CodeIgniter\Session\Handlers\FileHandler' driver.
WARNING - 2025-01-07 04:28:53 --> [DEPRECATED] Creation of dynamic property App\Controllers\TestController::$jwtKey is deprecated in APPPATH\Controllers\TestController.php on line 26.
 1 SYSTEMPATH\CodeIgniter.php(903): App\Controllers\TestController->__construct()
 2 SYSTEMPATH\CodeIgniter.php(500): CodeIgniter\CodeIgniter->createController()
 3 SYSTEMPATH\CodeIgniter.php(355): CodeIgniter\CodeIgniter->handleRequest(null, Object(Config\Cache), false)
 4 SYSTEMPATH\Boot.php(325): CodeIgniter\CodeIgniter->run()
 5 SYSTEMPATH\Boot.php(67): CodeIgniter\Boot::runCodeIgniter(Object(CodeIgniter\CodeIgniter))
 6 FCPATH\index.php(56): CodeIgniter\Boot::bootWeb(Object(Config\Paths))
 7 SYSTEMPATH\rewrite.php(44): require_once('D:\\College\\5th_Sem\\TST\\TST_UAS\\UAS\\public\\index.php')
INFO - 2025-01-07 04:29:16 --> Session: Class initialized using 'CodeIgniter\Session\Handlers\FileHandler' driver.
WARNING - 2025-01-07 04:29:16 --> [DEPRECATED] Creation of dynamic property App\Controllers\TestController::$jwtKey is deprecated in APPPATH\Controllers\TestController.php on line 26.
 1 SYSTEMPATH\CodeIgniter.php(903): App\Controllers\TestController->__construct()
 2 SYSTEMPATH\CodeIgniter.php(500): CodeIgniter\CodeIgniter->createController()
 3 SYSTEMPATH\CodeIgniter.php(355): CodeIgniter\CodeIgniter->handleRequest(null, Object(Config\Cache), false)
 4 SYSTEMPATH\Boot.php(325): CodeIgniter\CodeIgniter->run()
 5 SYSTEMPATH\Boot.php(67): CodeIgniter\Boot::runCodeIgniter(Object(CodeIgniter\CodeIgniter))
 6 FCPATH\index.php(56): CodeIgniter\Boot::bootWeb(Object(Config\Paths))
 7 SYSTEMPATH\rewrite.php(44): require_once('D:\\College\\5th_Sem\\TST\\TST_UAS\\UAS\\public\\index.php')
INFO - 2025-01-07 04:29:16 --> Session: Class initialized using 'CodeIgniter\Session\Handlers\FileHandler' driver.
WARNING - 2025-01-07 04:29:16 --> [DEPRECATED] Creation of dynamic property App\Controllers\TestController::$jwtKey is deprecated in APPPATH\Controllers\TestController.php on line 26.
 1 SYSTEMPATH\CodeIgniter.php(903): App\Controllers\TestController->__construct()
 2 SYSTEMPATH\CodeIgniter.php(500): CodeIgniter\CodeIgniter->createController()
 3 SYSTEMPATH\CodeIgniter.php(355): CodeIgniter\CodeIgniter->handleRequest(null, Object(Config\Cache), false)
 4 SYSTEMPATH\Boot.php(325): CodeIgniter\CodeIgniter->run()
 5 SYSTEMPATH\Boot.php(67): CodeIgniter\Boot::runCodeIgniter(Object(CodeIgniter\CodeIgniter))
 6 FCPATH\index.php(56): CodeIgniter\Boot::bootWeb(Object(Config\Paths))
 7 SYSTEMPATH\rewrite.php(44): require_once('D:\\College\\5th_Sem\\TST\\TST_UAS\\UAS\\public\\index.php')
INFO - 2025-01-07 04:29:17 --> Session: Class initialized using 'CodeIgniter\Session\Handlers\FileHandler' driver.
WARNING - 2025-01-07 04:29:17 --> [DEPRECATED] Creation of dynamic property App\Controllers\TestController::$jwtKey is deprecated in APPPATH\Controllers\TestController.php on line 26.
 1 SYSTEMPATH\CodeIgniter.php(903): App\Controllers\TestController->__construct()
 2 SYSTEMPATH\CodeIgniter.php(500): CodeIgniter\CodeIgniter->createController()
 3 SYSTEMPATH\CodeIgniter.php(355): CodeIgniter\CodeIgniter->handleRequest(null, Object(Config\Cache), false)
 4 SYSTEMPATH\Boot.php(325): CodeIgniter\CodeIgniter->run()
 5 SYSTEMPATH\Boot.php(67): CodeIgniter\Boot::runCodeIgniter(Object(CodeIgniter\CodeIgniter))
 6 FCPATH\index.php(56): CodeIgniter\Boot::bootWeb(Object(Config\Paths))
 7 SYSTEMPATH\rewrite.php(44): require_once('D:\\College\\5th_Sem\\TST\\TST_UAS\\UAS\\public\\index.php')
INFO - 2025-01-07 04:29:22 --> Session: Class initialized using 'CodeIgniter\Session\Handlers\FileHandler' driver.
WARNING - 2025-01-07 04:29:22 --> [DEPRECATED] Creation of dynamic property App\Controllers\TestController::$jwtKey is deprecated in APPPATH\Controllers\TestController.php on line 26.
 1 SYSTEMPATH\CodeIgniter.php(903): App\Controllers\TestController->__construct()
 2 SYSTEMPATH\CodeIgniter.php(500): CodeIgniter\CodeIgniter->createController()
 3 SYSTEMPATH\CodeIgniter.php(355): CodeIgniter\CodeIgniter->handleRequest(null, Object(Config\Cache), false)
 4 SYSTEMPATH\Boot.php(325): CodeIgniter\CodeIgniter->run()
 5 SYSTEMPATH\Boot.php(67): CodeIgniter\Boot::runCodeIgniter(Object(CodeIgniter\CodeIgniter))
 6 FCPATH\index.php(56): CodeIgniter\Boot::bootWeb(Object(Config\Paths))
 7 SYSTEMPATH\rewrite.php(44): require_once('D:\\College\\5th_Sem\\TST\\TST_UAS\\UAS\\public\\index.php')
INFO - 2025-01-07 04:29:23 --> Session: Class initialized using 'CodeIgniter\Session\Handlers\FileHandler' driver.
WARNING - 2025-01-07 04:29:23 --> [DEPRECATED] Creation of dynamic property App\Controllers\TestController::$jwtKey is deprecated in APPPATH\Controllers\TestController.php on line 26.
 1 SYSTEMPATH\CodeIgniter.php(903): App\Controllers\TestController->__construct()
 2 SYSTEMPATH\CodeIgniter.php(500): CodeIgniter\CodeIgniter->createController()
 3 SYSTEMPATH\CodeIgniter.php(355): CodeIgniter\CodeIgniter->handleRequest(null, Object(Config\Cache), false)
 4 SYSTEMPATH\Boot.php(325): CodeIgniter\CodeIgniter->run()
 5 SYSTEMPATH\Boot.php(67): CodeIgniter\Boot::runCodeIgniter(Object(CodeIgniter\CodeIgniter))
 6 FCPATH\index.php(56): CodeIgniter\Boot::bootWeb(Object(Config\Paths))
 7 SYSTEMPATH\rewrite.php(44): require_once('D:\\College\\5th_Sem\\TST\\TST_UAS\\UAS\\public\\index.php')
INFO - 2025-01-07 04:29:23 --> Session: Class initialized using 'CodeIgniter\Session\Handlers\FileHandler' driver.
WARNING - 2025-01-07 04:29:23 --> [DEPRECATED] Creation of dynamic property App\Controllers\TestController::$jwtKey is deprecated in APPPATH\Controllers\TestController.php on line 26.
 1 SYSTEMPATH\CodeIgniter.php(903): App\Controllers\TestController->__construct()
 2 SYSTEMPATH\CodeIgniter.php(500): CodeIgniter\CodeIgniter->createController()
 3 SYSTEMPATH\CodeIgniter.php(355): CodeIgniter\CodeIgniter->handleRequest(null, Object(Config\Cache), false)
 4 SYSTEMPATH\Boot.php(325): CodeIgniter\CodeIgniter->run()
 5 SYSTEMPATH\Boot.php(67): CodeIgniter\Boot::runCodeIgniter(Object(CodeIgniter\CodeIgniter))
 6 FCPATH\index.php(56): CodeIgniter\Boot::bootWeb(Object(Config\Paths))
 7 SYSTEMPATH\rewrite.php(44): require_once('D:\\College\\5th_Sem\\TST\\TST_UAS\\UAS\\public\\index.php')
INFO - 2025-01-07 04:29:28 --> Session: Class initialized using 'CodeIgniter\Session\Handlers\FileHandler' driver.
WARNING - 2025-01-07 04:29:28 --> [DEPRECATED] Creation of dynamic property App\Controllers\TestController::$jwtKey is deprecated in APPPATH\Controllers\TestController.php on line 26.
 1 SYSTEMPATH\CodeIgniter.php(903): App\Controllers\TestController->__construct()
 2 SYSTEMPATH\CodeIgniter.php(500): CodeIgniter\CodeIgniter->createController()
 3 SYSTEMPATH\CodeIgniter.php(355): CodeIgniter\CodeIgniter->handleRequest(null, Object(Config\Cache), false)
 4 SYSTEMPATH\Boot.php(325): CodeIgniter\CodeIgniter->run()
 5 SYSTEMPATH\Boot.php(67): CodeIgniter\Boot::runCodeIgniter(Object(CodeIgniter\CodeIgniter))
 6 FCPATH\index.php(56): CodeIgniter\Boot::bootWeb(Object(Config\Paths))
 7 SYSTEMPATH\rewrite.php(44): require_once('D:\\College\\5th_Sem\\TST\\TST_UAS\\UAS\\public\\index.php')
INFO - 2025-01-07 04:29:28 --> Session: Class initialized using 'CodeIgniter\Session\Handlers\FileHandler' driver.
WARNING - 2025-01-07 04:29:28 --> [DEPRECATED] Creation of dynamic property App\Controllers\TestController::$jwtKey is deprecated in APPPATH\Controllers\TestController.php on line 26.
 1 SYSTEMPATH\CodeIgniter.php(903): App\Controllers\TestController->__construct()
 2 SYSTEMPATH\CodeIgniter.php(500): CodeIgniter\CodeIgniter->createController()
 3 SYSTEMPATH\CodeIgniter.php(355): CodeIgniter\CodeIgniter->handleRequest(null, Object(Config\Cache), false)
 4 SYSTEMPATH\Boot.php(325): CodeIgniter\CodeIgniter->run()
 5 SYSTEMPATH\Boot.php(67): CodeIgniter\Boot::runCodeIgniter(Object(CodeIgniter\CodeIgniter))
 6 FCPATH\index.php(56): CodeIgniter\Boot::bootWeb(Object(Config\Paths))
 7 SYSTEMPATH\rewrite.php(44): require_once('D:\\College\\5th_Sem\\TST\\TST_UAS\\UAS\\public\\index.php')
INFO - 2025-01-07 04:29:28 --> Session: Class initialized using 'CodeIgniter\Session\Handlers\FileHandler' driver.
WARNING - 2025-01-07 04:29:28 --> [DEPRECATED] Creation of dynamic property App\Controllers\TestController::$jwtKey is deprecated in APPPATH\Controllers\TestController.php on line 26.
 1 SYSTEMPATH\CodeIgniter.php(903): App\Controllers\TestController->__construct()
 2 SYSTEMPATH\CodeIgniter.php(500): CodeIgniter\CodeIgniter->createController()
 3 SYSTEMPATH\CodeIgniter.php(355): CodeIgniter\CodeIgniter->handleRequest(null, Object(Config\Cache), false)
 4 SYSTEMPATH\Boot.php(325): CodeIgniter\CodeIgniter->run()
 5 SYSTEMPATH\Boot.php(67): CodeIgniter\Boot::runCodeIgniter(Object(CodeIgniter\CodeIgniter))
 6 FCPATH\index.php(56): CodeIgniter\Boot::bootWeb(Object(Config\Paths))
 7 SYSTEMPATH\rewrite.php(44): require_once('D:\\College\\5th_Sem\\TST\\TST_UAS\\UAS\\public\\index.php')
INFO - 2025-01-07 04:29:32 --> Session: Class initialized using 'CodeIgniter\Session\Handlers\FileHandler' driver.
WARNING - 2025-01-07 04:29:32 --> [DEPRECATED] Creation of dynamic property App\Controllers\TestController::$jwtKey is deprecated in APPPATH\Controllers\TestController.php on line 26.
 1 SYSTEMPATH\CodeIgniter.php(903): App\Controllers\TestController->__construct()
 2 SYSTEMPATH\CodeIgniter.php(500): CodeIgniter\CodeIgniter->createController()
 3 SYSTEMPATH\CodeIgniter.php(355): CodeIgniter\CodeIgniter->handleRequest(null, Object(Config\Cache), false)
 4 SYSTEMPATH\Boot.php(325): CodeIgniter\CodeIgniter->run()
 5 SYSTEMPATH\Boot.php(67): CodeIgniter\Boot::runCodeIgniter(Object(CodeIgniter\CodeIgniter))
 6 FCPATH\index.php(56): CodeIgniter\Boot::bootWeb(Object(Config\Paths))
 7 SYSTEMPATH\rewrite.php(44): require_once('D:\\College\\5th_Sem\\TST\\TST_UAS\\UAS\\public\\index.php')
INFO - 2025-01-07 04:29:36 --> Session: Class initialized using 'CodeIgniter\Session\Handlers\FileHandler' driver.
WARNING - 2025-01-07 04:29:36 --> [DEPRECATED] Creation of dynamic property App\Controllers\TestController::$jwtKey is deprecated in APPPATH\Controllers\TestController.php on line 26.
 1 SYSTEMPATH\CodeIgniter.php(903): App\Controllers\TestController->__construct()
 2 SYSTEMPATH\CodeIgniter.php(500): CodeIgniter\CodeIgniter->createController()
 3 SYSTEMPATH\CodeIgniter.php(355): CodeIgniter\CodeIgniter->handleRequest(null, Object(Config\Cache), false)
 4 SYSTEMPATH\Boot.php(325): CodeIgniter\CodeIgniter->run()
 5 SYSTEMPATH\Boot.php(67): CodeIgniter\Boot::runCodeIgniter(Object(CodeIgniter\CodeIgniter))
 6 FCPATH\index.php(56): CodeIgniter\Boot::bootWeb(Object(Config\Paths))
 7 SYSTEMPATH\rewrite.php(44): require_once('D:\\College\\5th_Sem\\TST\\TST_UAS\\UAS\\public\\index.php')
INFO - 2025-01-07 04:29:41 --> Session: Class initialized using 'CodeIgniter\Session\Handlers\FileHandler' driver.
WARNING - 2025-01-07 04:29:41 --> [DEPRECATED] Creation of dynamic property App\Controllers\TestController::$jwtKey is deprecated in APPPATH\Controllers\TestController.php on line 26.
 1 SYSTEMPATH\CodeIgniter.php(903): App\Controllers\TestController->__construct()
 2 SYSTEMPATH\CodeIgniter.php(500): CodeIgniter\CodeIgniter->createController()
 3 SYSTEMPATH\CodeIgniter.php(355): CodeIgniter\CodeIgniter->handleRequest(null, Object(Config\Cache), false)
 4 SYSTEMPATH\Boot.php(325): CodeIgniter\CodeIgniter->run()
 5 SYSTEMPATH\Boot.php(67): CodeIgniter\Boot::runCodeIgniter(Object(CodeIgniter\CodeIgniter))
 6 FCPATH\index.php(56): CodeIgniter\Boot::bootWeb(Object(Config\Paths))
 7 SYSTEMPATH\rewrite.php(44): require_once('D:\\College\\5th_Sem\\TST\\TST_UAS\\UAS\\public\\index.php')
INFO - 2025-01-07 04:29:41 --> Session: Class initialized using 'CodeIgniter\Session\Handlers\FileHandler' driver.
WARNING - 2025-01-07 04:29:41 --> [DEPRECATED] Creation of dynamic property App\Controllers\TestController::$jwtKey is deprecated in APPPATH\Controllers\TestController.php on line 26.
 1 SYSTEMPATH\CodeIgniter.php(903): App\Controllers\TestController->__construct()
 2 SYSTEMPATH\CodeIgniter.php(500): CodeIgniter\CodeIgniter->createController()
 3 SYSTEMPATH\CodeIgniter.php(355): CodeIgniter\CodeIgniter->handleRequest(null, Object(Config\Cache), false)
 4 SYSTEMPATH\Boot.php(325): CodeIgniter\CodeIgniter->run()
 5 SYSTEMPATH\Boot.php(67): CodeIgniter\Boot::runCodeIgniter(Object(CodeIgniter\CodeIgniter))
 6 FCPATH\index.php(56): CodeIgniter\Boot::bootWeb(Object(Config\Paths))
 7 SYSTEMPATH\rewrite.php(44): require_once('D:\\College\\5th_Sem\\TST\\TST_UAS\\UAS\\public\\index.php')
WARNING - 2025-01-07 04:29:43 --> [DEPRECATED] Creation of dynamic property App\Controllers\TestController::$jwtKey is deprecated in APPPATH\Controllers\TestController.php on line 26.
 1 SYSTEMPATH\CodeIgniter.php(903): App\Controllers\TestController->__construct()
 2 SYSTEMPATH\CodeIgniter.php(500): CodeIgniter\CodeIgniter->createController()
 3 SYSTEMPATH\CodeIgniter.php(355): CodeIgniter\CodeIgniter->handleRequest(null, Object(Config\Cache), false)
 4 SYSTEMPATH\Boot.php(325): CodeIgniter\CodeIgniter->run()
 5 SYSTEMPATH\Boot.php(67): CodeIgniter\Boot::runCodeIgniter(Object(CodeIgniter\CodeIgniter))
 6 FCPATH\index.php(56): CodeIgniter\Boot::bootWeb(Object(Config\Paths))
 7 SYSTEMPATH\rewrite.php(44): require_once('D:\\College\\5th_Sem\\TST\\TST_UAS\\UAS\\public\\index.php')
INFO - 2025-01-07 04:29:43 --> Session: Class initialized using 'CodeIgniter\Session\Handlers\FileHandler' driver.
INFO - 2025-01-07 04:29:43 --> Session: Class initialized using 'CodeIgniter\Session\Handlers\FileHandler' driver.
WARNING - 2025-01-07 04:29:43 --> [DEPRECATED] Creation of dynamic property App\Controllers\TestController::$jwtKey is deprecated in APPPATH\Controllers\TestController.php on line 26.
 1 SYSTEMPATH\CodeIgniter.php(903): App\Controllers\TestController->__construct()
 2 SYSTEMPATH\CodeIgniter.php(500): CodeIgniter\CodeIgniter->createController()
 3 SYSTEMPATH\CodeIgniter.php(355): CodeIgniter\CodeIgniter->handleRequest(null, Object(Config\Cache), false)
 4 SYSTEMPATH\Boot.php(325): CodeIgniter\CodeIgniter->run()
 5 SYSTEMPATH\Boot.php(67): CodeIgniter\Boot::runCodeIgniter(Object(CodeIgniter\CodeIgniter))
 6 FCPATH\index.php(56): CodeIgniter\Boot::bootWeb(Object(Config\Paths))
 7 SYSTEMPATH\rewrite.php(44): require_once('D:\\College\\5th_Sem\\TST\\TST_UAS\\UAS\\public\\index.php')
INFO - 2025-01-07 04:29:43 --> Session: Class initialized using 'CodeIgniter\Session\Handlers\FileHandler' driver.
WARNING - 2025-01-07 04:29:43 --> [DEPRECATED] Creation of dynamic property App\Controllers\TestController::$jwtKey is deprecated in APPPATH\Controllers\TestController.php on line 26.
 1 SYSTEMPATH\CodeIgniter.php(903): App\Controllers\TestController->__construct()
 2 SYSTEMPATH\CodeIgniter.php(500): CodeIgniter\CodeIgniter->createController()
 3 SYSTEMPATH\CodeIgniter.php(355): CodeIgniter\CodeIgniter->handleRequest(null, Object(Config\Cache), false)
 4 SYSTEMPATH\Boot.php(325): CodeIgniter\CodeIgniter->run()
 5 SYSTEMPATH\Boot.php(67): CodeIgniter\Boot::runCodeIgniter(Object(CodeIgniter\CodeIgniter))
 6 FCPATH\index.php(56): CodeIgniter\Boot::bootWeb(Object(Config\Paths))
 7 SYSTEMPATH\rewrite.php(44): require_once('D:\\College\\5th_Sem\\TST\\TST_UAS\\UAS\\public\\index.php')
INFO - 2025-01-07 04:29:45 --> Session: Class initialized using 'CodeIgniter\Session\Handlers\FileHandler' driver.
WARNING - 2025-01-07 04:29:45 --> [DEPRECATED] Creation of dynamic property App\Controllers\TestController::$jwtKey is deprecated in APPPATH\Controllers\TestController.php on line 26.
 1 SYSTEMPATH\CodeIgniter.php(903): App\Controllers\TestController->__construct()
 2 SYSTEMPATH\CodeIgniter.php(500): CodeIgniter\CodeIgniter->createController()
 3 SYSTEMPATH\CodeIgniter.php(355): CodeIgniter\CodeIgniter->handleRequest(null, Object(Config\Cache), false)
 4 SYSTEMPATH\Boot.php(325): CodeIgniter\CodeIgniter->run()
 5 SYSTEMPATH\Boot.php(67): CodeIgniter\Boot::runCodeIgniter(Object(CodeIgniter\CodeIgniter))
 6 FCPATH\index.php(56): CodeIgniter\Boot::bootWeb(Object(Config\Paths))
 7 SYSTEMPATH\rewrite.php(44): require_once('D:\\College\\5th_Sem\\TST\\TST_UAS\\UAS\\public\\index.php')
INFO - 2025-01-07 04:29:58 --> Session: Class initialized using 'CodeIgniter\Session\Handlers\FileHandler' driver.
INFO - 2025-01-07 04:32:55 --> Session: Class initialized using 'CodeIgniter\Session\Handlers\FileHandler' driver.
INFO - 2025-01-07 04:32:55 --> Session: Class initialized using 'CodeIgniter\Session\Handlers\FileHandler' driver.
WARNING - 2025-01-07 04:32:55 --> Session: Sessions is enabled, and one exists. Please don't $session->start();
INFO - 2025-01-07 04:33:07 --> Session: Class initialized using 'CodeIgniter\Session\Handlers\FileHandler' driver.
INFO - 2025-01-07 04:33:09 --> Session: Class initialized using 'CodeIgniter\Session\Handlers\FileHandler' driver.
WARNING - 2025-01-07 04:33:09 --> [DEPRECATED] Creation of dynamic property App\Controllers\TestController::$jwtKey is deprecated in APPPATH\Controllers\TestController.php on line 26.
 1 SYSTEMPATH\CodeIgniter.php(903): App\Controllers\TestController->__construct()
 2 SYSTEMPATH\CodeIgniter.php(500): CodeIgniter\CodeIgniter->createController()
 3 SYSTEMPATH\CodeIgniter.php(355): CodeIgniter\CodeIgniter->handleRequest(null, Object(Config\Cache), false)
 4 SYSTEMPATH\Boot.php(325): CodeIgniter\CodeIgniter->run()
 5 SYSTEMPATH\Boot.php(67): CodeIgniter\Boot::runCodeIgniter(Object(CodeIgniter\CodeIgniter))
 6 FCPATH\index.php(56): CodeIgniter\Boot::bootWeb(Object(Config\Paths))
 7 SYSTEMPATH\rewrite.php(44): require_once('D:\\College\\5th_Sem\\TST\\TST_UAS\\UAS\\public\\index.php')
INFO - 2025-01-07 04:33:09 --> Session: Class initialized using 'CodeIgniter\Session\Handlers\FileHandler' driver.
WARNING - 2025-01-07 04:33:09 --> [DEPRECATED] Creation of dynamic property App\Controllers\TestController::$jwtKey is deprecated in APPPATH\Controllers\TestController.php on line 26.
 1 SYSTEMPATH\CodeIgniter.php(903): App\Controllers\TestController->__construct()
 2 SYSTEMPATH\CodeIgniter.php(500): CodeIgniter\CodeIgniter->createController()
 3 SYSTEMPATH\CodeIgniter.php(355): CodeIgniter\CodeIgniter->handleRequest(null, Object(Config\Cache), false)
 4 SYSTEMPATH\Boot.php(325): CodeIgniter\CodeIgniter->run()
 5 SYSTEMPATH\Boot.php(67): CodeIgniter\Boot::runCodeIgniter(Object(CodeIgniter\CodeIgniter))
 6 FCPATH\index.php(56): CodeIgniter\Boot::bootWeb(Object(Config\Paths))
 7 SYSTEMPATH\rewrite.php(44): require_once('D:\\College\\5th_Sem\\TST\\TST_UAS\\UAS\\public\\index.php')
INFO - 2025-01-07 04:33:15 --> Session: Class initialized using 'CodeIgniter\Session\Handlers\FileHandler' driver.
WARNING - 2025-01-07 04:33:15 --> [DEPRECATED] Creation of dynamic property App\Controllers\TestController::$jwtKey is deprecated in APPPATH\Controllers\TestController.php on line 26.
 1 SYSTEMPATH\CodeIgniter.php(903): App\Controllers\TestController->__construct()
 2 SYSTEMPATH\CodeIgniter.php(500): CodeIgniter\CodeIgniter->createController()
 3 SYSTEMPATH\CodeIgniter.php(355): CodeIgniter\CodeIgniter->handleRequest(null, Object(Config\Cache), false)
 4 SYSTEMPATH\Boot.php(325): CodeIgniter\CodeIgniter->run()
 5 SYSTEMPATH\Boot.php(67): CodeIgniter\Boot::runCodeIgniter(Object(CodeIgniter\CodeIgniter))
 6 FCPATH\index.php(56): CodeIgniter\Boot::bootWeb(Object(Config\Paths))
 7 SYSTEMPATH\rewrite.php(44): require_once('D:\\College\\5th_Sem\\TST\\TST_UAS\\UAS\\public\\index.php')
INFO - 2025-01-07 04:33:15 --> Session: Class initialized using 'CodeIgniter\Session\Handlers\FileHandler' driver.
WARNING - 2025-01-07 04:33:15 --> [DEPRECATED] Creation of dynamic property App\Controllers\TestController::$jwtKey is deprecated in APPPATH\Controllers\TestController.php on line 26.
 1 SYSTEMPATH\CodeIgniter.php(903): App\Controllers\TestController->__construct()
 2 SYSTEMPATH\CodeIgniter.php(500): CodeIgniter\CodeIgniter->createController()
 3 SYSTEMPATH\CodeIgniter.php(355): CodeIgniter\CodeIgniter->handleRequest(null, Object(Config\Cache), false)
 4 SYSTEMPATH\Boot.php(325): CodeIgniter\CodeIgniter->run()
 5 SYSTEMPATH\Boot.php(67): CodeIgniter\Boot::runCodeIgniter(Object(CodeIgniter\CodeIgniter))
 6 FCPATH\index.php(56): CodeIgniter\Boot::bootWeb(Object(Config\Paths))
 7 SYSTEMPATH\rewrite.php(44): require_once('D:\\College\\5th_Sem\\TST\\TST_UAS\\UAS\\public\\index.php')
INFO - 2025-01-07 04:33:18 --> Session: Class initialized using 'CodeIgniter\Session\Handlers\FileHandler' driver.
WARNING - 2025-01-07 04:33:18 --> [DEPRECATED] Creation of dynamic property App\Controllers\TestController::$jwtKey is deprecated in APPPATH\Controllers\TestController.php on line 26.
 1 SYSTEMPATH\CodeIgniter.php(903): App\Controllers\TestController->__construct()
 2 SYSTEMPATH\CodeIgniter.php(500): CodeIgniter\CodeIgniter->createController()
 3 SYSTEMPATH\CodeIgniter.php(355): CodeIgniter\CodeIgniter->handleRequest(null, Object(Config\Cache), false)
 4 SYSTEMPATH\Boot.php(325): CodeIgniter\CodeIgniter->run()
 5 SYSTEMPATH\Boot.php(67): CodeIgniter\Boot::runCodeIgniter(Object(CodeIgniter\CodeIgniter))
 6 FCPATH\index.php(56): CodeIgniter\Boot::bootWeb(Object(Config\Paths))
 7 SYSTEMPATH\rewrite.php(44): require_once('D:\\College\\5th_Sem\\TST\\TST_UAS\\UAS\\public\\index.php')
INFO - 2025-01-07 04:33:19 --> Session: Class initialized using 'CodeIgniter\Session\Handlers\FileHandler' driver.
WARNING - 2025-01-07 04:33:19 --> [DEPRECATED] Creation of dynamic property App\Controllers\TestController::$jwtKey is deprecated in APPPATH\Controllers\TestController.php on line 26.
 1 SYSTEMPATH\CodeIgniter.php(903): App\Controllers\TestController->__construct()
 2 SYSTEMPATH\CodeIgniter.php(500): CodeIgniter\CodeIgniter->createController()
 3 SYSTEMPATH\CodeIgniter.php(355): CodeIgniter\CodeIgniter->handleRequest(null, Object(Config\Cache), false)
 4 SYSTEMPATH\Boot.php(325): CodeIgniter\CodeIgniter->run()
 5 SYSTEMPATH\Boot.php(67): CodeIgniter\Boot::runCodeIgniter(Object(CodeIgniter\CodeIgniter))
 6 FCPATH\index.php(56): CodeIgniter\Boot::bootWeb(Object(Config\Paths))
 7 SYSTEMPATH\rewrite.php(44): require_once('D:\\College\\5th_Sem\\TST\\TST_UAS\\UAS\\public\\index.php')
INFO - 2025-01-07 04:33:21 --> Session: Class initialized using 'CodeIgniter\Session\Handlers\FileHandler' driver.
WARNING - 2025-01-07 04:33:21 --> [DEPRECATED] Creation of dynamic property App\Controllers\TestController::$jwtKey is deprecated in APPPATH\Controllers\TestController.php on line 26.
 1 SYSTEMPATH\CodeIgniter.php(903): App\Controllers\TestController->__construct()
 2 SYSTEMPATH\CodeIgniter.php(500): CodeIgniter\CodeIgniter->createController()
 3 SYSTEMPATH\CodeIgniter.php(355): CodeIgniter\CodeIgniter->handleRequest(null, Object(Config\Cache), false)
 4 SYSTEMPATH\Boot.php(325): CodeIgniter\CodeIgniter->run()
 5 SYSTEMPATH\Boot.php(67): CodeIgniter\Boot::runCodeIgniter(Object(CodeIgniter\CodeIgniter))
 6 FCPATH\index.php(56): CodeIgniter\Boot::bootWeb(Object(Config\Paths))
 7 SYSTEMPATH\rewrite.php(44): require_once('D:\\College\\5th_Sem\\TST\\TST_UAS\\UAS\\public\\index.php')
INFO - 2025-01-07 04:33:22 --> Session: Class initialized using 'CodeIgniter\Session\Handlers\FileHandler' driver.
WARNING - 2025-01-07 04:33:22 --> [DEPRECATED] Creation of dynamic property App\Controllers\TestController::$jwtKey is deprecated in APPPATH\Controllers\TestController.php on line 26.
 1 SYSTEMPATH\CodeIgniter.php(903): App\Controllers\TestController->__construct()
 2 SYSTEMPATH\CodeIgniter.php(500): CodeIgniter\CodeIgniter->createController()
 3 SYSTEMPATH\CodeIgniter.php(355): CodeIgniter\CodeIgniter->handleRequest(null, Object(Config\Cache), false)
 4 SYSTEMPATH\Boot.php(325): CodeIgniter\CodeIgniter->run()
 5 SYSTEMPATH\Boot.php(67): CodeIgniter\Boot::runCodeIgniter(Object(CodeIgniter\CodeIgniter))
 6 FCPATH\index.php(56): CodeIgniter\Boot::bootWeb(Object(Config\Paths))
 7 SYSTEMPATH\rewrite.php(44): require_once('D:\\College\\5th_Sem\\TST\\TST_UAS\\UAS\\public\\index.php')
INFO - 2025-01-07 04:33:24 --> Session: Class initialized using 'CodeIgniter\Session\Handlers\FileHandler' driver.
WARNING - 2025-01-07 04:33:24 --> [DEPRECATED] Creation of dynamic property App\Controllers\TestController::$jwtKey is deprecated in APPPATH\Controllers\TestController.php on line 26.
 1 SYSTEMPATH\CodeIgniter.php(903): App\Controllers\TestController->__construct()
 2 SYSTEMPATH\CodeIgniter.php(500): CodeIgniter\CodeIgniter->createController()
 3 SYSTEMPATH\CodeIgniter.php(355): CodeIgniter\CodeIgniter->handleRequest(null, Object(Config\Cache), false)
 4 SYSTEMPATH\Boot.php(325): CodeIgniter\CodeIgniter->run()
 5 SYSTEMPATH\Boot.php(67): CodeIgniter\Boot::runCodeIgniter(Object(CodeIgniter\CodeIgniter))
 6 FCPATH\index.php(56): CodeIgniter\Boot::bootWeb(Object(Config\Paths))
 7 SYSTEMPATH\rewrite.php(44): require_once('D:\\College\\5th_Sem\\TST\\TST_UAS\\UAS\\public\\index.php')
INFO - 2025-01-07 04:33:24 --> Session: Class initialized using 'CodeIgniter\Session\Handlers\FileHandler' driver.
WARNING - 2025-01-07 04:33:24 --> [DEPRECATED] Creation of dynamic property App\Controllers\TestController::$jwtKey is deprecated in APPPATH\Controllers\TestController.php on line 26.
 1 SYSTEMPATH\CodeIgniter.php(903): App\Controllers\TestController->__construct()
 2 SYSTEMPATH\CodeIgniter.php(500): CodeIgniter\CodeIgniter->createController()
 3 SYSTEMPATH\CodeIgniter.php(355): CodeIgniter\CodeIgniter->handleRequest(null, Object(Config\Cache), false)
 4 SYSTEMPATH\Boot.php(325): CodeIgniter\CodeIgniter->run()
 5 SYSTEMPATH\Boot.php(67): CodeIgniter\Boot::runCodeIgniter(Object(CodeIgniter\CodeIgniter))
 6 FCPATH\index.php(56): CodeIgniter\Boot::bootWeb(Object(Config\Paths))
 7 SYSTEMPATH\rewrite.php(44): require_once('D:\\College\\5th_Sem\\TST\\TST_UAS\\UAS\\public\\index.php')
WARNING - 2025-01-07 04:33:38 --> [DEPRECATED] Creation of dynamic property App\Controllers\TestController::$jwtKey is deprecated in APPPATH\Controllers\TestController.php on line 26.
 1 SYSTEMPATH\CodeIgniter.php(903): App\Controllers\TestController->__construct()
 2 SYSTEMPATH\CodeIgniter.php(500): CodeIgniter\CodeIgniter->createController()
 3 SYSTEMPATH\CodeIgniter.php(355): CodeIgniter\CodeIgniter->handleRequest(null, Object(Config\Cache), false)
 4 SYSTEMPATH\Boot.php(325): CodeIgniter\CodeIgniter->run()
 5 SYSTEMPATH\Boot.php(67): CodeIgniter\Boot::runCodeIgniter(Object(CodeIgniter\CodeIgniter))
 6 FCPATH\index.php(56): CodeIgniter\Boot::bootWeb(Object(Config\Paths))
 7 SYSTEMPATH\rewrite.php(44): require_once('D:\\College\\5th_Sem\\TST\\TST_UAS\\UAS\\public\\index.php')
INFO - 2025-01-07 04:33:38 --> Session: Class initialized using 'CodeIgniter\Session\Handlers\FileHandler' driver.
INFO - 2025-01-07 04:33:38 --> Session: Class initialized using 'CodeIgniter\Session\Handlers\FileHandler' driver.
WARNING - 2025-01-07 04:33:38 --> [DEPRECATED] Creation of dynamic property App\Controllers\TestController::$jwtKey is deprecated in APPPATH\Controllers\TestController.php on line 26.
 1 SYSTEMPATH\CodeIgniter.php(903): App\Controllers\TestController->__construct()
 2 SYSTEMPATH\CodeIgniter.php(500): CodeIgniter\CodeIgniter->createController()
 3 SYSTEMPATH\CodeIgniter.php(355): CodeIgniter\CodeIgniter->handleRequest(null, Object(Config\Cache), false)
 4 SYSTEMPATH\Boot.php(325): CodeIgniter\CodeIgniter->run()
 5 SYSTEMPATH\Boot.php(67): CodeIgniter\Boot::runCodeIgniter(Object(CodeIgniter\CodeIgniter))
 6 FCPATH\index.php(56): CodeIgniter\Boot::bootWeb(Object(Config\Paths))
 7 SYSTEMPATH\rewrite.php(44): require_once('D:\\College\\5th_Sem\\TST\\TST_UAS\\UAS\\public\\index.php')
INFO - 2025-01-07 04:33:38 --> Session: Class initialized using 'CodeIgniter\Session\Handlers\FileHandler' driver.
WARNING - 2025-01-07 04:33:38 --> [DEPRECATED] Creation of dynamic property App\Controllers\TestController::$jwtKey is deprecated in APPPATH\Controllers\TestController.php on line 26.
 1 SYSTEMPATH\CodeIgniter.php(903): App\Controllers\TestController->__construct()
 2 SYSTEMPATH\CodeIgniter.php(500): CodeIgniter\CodeIgniter->createController()
 3 SYSTEMPATH\CodeIgniter.php(355): CodeIgniter\CodeIgniter->handleRequest(null, Object(Config\Cache), false)
 4 SYSTEMPATH\Boot.php(325): CodeIgniter\CodeIgniter->run()
 5 SYSTEMPATH\Boot.php(67): CodeIgniter\Boot::runCodeIgniter(Object(CodeIgniter\CodeIgniter))
 6 FCPATH\index.php(56): CodeIgniter\Boot::bootWeb(Object(Config\Paths))
 7 SYSTEMPATH\rewrite.php(44): require_once('D:\\College\\5th_Sem\\TST\\TST_UAS\\UAS\\public\\index.php')
INFO - 2025-01-07 04:33:44 --> Session: Class initialized using 'CodeIgniter\Session\Handlers\FileHandler' driver.
WARNING - 2025-01-07 04:33:44 --> [DEPRECATED] Creation of dynamic property App\Controllers\TestController::$jwtKey is deprecated in APPPATH\Controllers\TestController.php on line 26.
 1 SYSTEMPATH\CodeIgniter.php(903): App\Controllers\TestController->__construct()
 2 SYSTEMPATH\CodeIgniter.php(500): CodeIgniter\CodeIgniter->createController()
 3 SYSTEMPATH\CodeIgniter.php(355): CodeIgniter\CodeIgniter->handleRequest(null, Object(Config\Cache), false)
 4 SYSTEMPATH\Boot.php(325): CodeIgniter\CodeIgniter->run()
 5 SYSTEMPATH\Boot.php(67): CodeIgniter\Boot::runCodeIgniter(Object(CodeIgniter\CodeIgniter))
 6 FCPATH\index.php(56): CodeIgniter\Boot::bootWeb(Object(Config\Paths))
 7 SYSTEMPATH\rewrite.php(44): require_once('D:\\College\\5th_Sem\\TST\\TST_UAS\\UAS\\public\\index.php')
INFO - 2025-01-07 04:33:57 --> Session: Class initialized using 'CodeIgniter\Session\Handlers\FileHandler' driver.
INFO - 2025-01-07 04:34:00 --> Session: Class initialized using 'CodeIgniter\Session\Handlers\FileHandler' driver.
WARNING - 2025-01-07 04:34:00 --> Session: Sessions is enabled, and one exists. Please don't $session->start();
INFO - 2025-01-07 04:34:00 --> Session: Class initialized using 'CodeIgniter\Session\Handlers\FileHandler' driver.
WARNING - 2025-01-07 04:34:00 --> Session: Sessions is enabled, and one exists. Please don't $session->start();
INFO - 2025-01-07 04:34:03 --> Session: Class initialized using 'CodeIgniter\Session\Handlers\FileHandler' driver.
INFO - 2025-01-07 04:34:03 --> Session: Class initialized using 'CodeIgniter\Session\Handlers\FileHandler' driver.
WARNING - 2025-01-07 04:34:03 --> Session: Sessions is enabled, and one exists. Please don't $session->start();
INFO - 2025-01-07 04:34:04 --> Session: Class initialized using 'CodeIgniter\Session\Handlers\FileHandler' driver.
INFO - 2025-01-07 04:34:05 --> Session: Class initialized using 'CodeIgniter\Session\Handlers\FileHandler' driver.
WARNING - 2025-01-07 04:34:05 --> Session: Sessions is enabled, and one exists. Please don't $session->start();
INFO - 2025-01-07 04:34:05 --> Session: Class initialized using 'CodeIgniter\Session\Handlers\FileHandler' driver.
INFO - 2025-01-07 04:34:05 --> Session: Class initialized using 'CodeIgniter\Session\Handlers\FileHandler' driver.
WARNING - 2025-01-07 04:34:05 --> Session: Sessions is enabled, and one exists. Please don't $session->start();
INFO - 2025-01-07 04:34:05 --> Session: Class initialized using 'CodeIgniter\Session\Handlers\FileHandler' driver.
INFO - 2025-01-07 04:34:05 --> Session: Class initialized using 'CodeIgniter\Session\Handlers\FileHandler' driver.
WARNING - 2025-01-07 04:34:05 --> Session: Sessions is enabled, and one exists. Please don't $session->start();
INFO - 2025-01-07 04:34:06 --> Session: Class initialized using 'CodeIgniter\Session\Handlers\FileHandler' driver.
INFO - 2025-01-07 04:34:06 --> Session: Class initialized using 'CodeIgniter\Session\Handlers\FileHandler' driver.
INFO - 2025-01-07 04:34:07 --> Session: Class initialized using 'CodeIgniter\Session\Handlers\FileHandler' driver.
WARNING - 2025-01-07 04:34:07 --> Session: Sessions is enabled, and one exists. Please don't $session->start();
INFO - 2025-01-07 04:34:07 --> Session: Class initialized using 'CodeIgniter\Session\Handlers\FileHandler' driver.
INFO - 2025-01-07 04:34:07 --> Session: Class initialized using 'CodeIgniter\Session\Handlers\FileHandler' driver.
INFO - 2025-01-07 04:34:07 --> Session: Class initialized using 'CodeIgniter\Session\Handlers\FileHandler' driver.
WARNING - 2025-01-07 04:34:07 --> Session: Sessions is enabled, and one exists. Please don't $session->start();
INFO - 2025-01-07 04:34:18 --> Session: Class initialized using 'CodeIgniter\Session\Handlers\FileHandler' driver.
WARNING - 2025-01-07 04:34:18 --> Session: Sessions is enabled, and one exists. Please don't $session->start();
INFO - 2025-01-07 04:34:19 --> Session: Class initialized using 'CodeIgniter\Session\Handlers\FileHandler' driver.
INFO - 2025-01-07 04:37:24 --> Session: Class initialized using 'CodeIgniter\Session\Handlers\FileHandler' driver.
INFO - 2025-01-07 04:37:24 --> Session: Class initialized using 'CodeIgniter\Session\Handlers\FileHandler' driver.
WARNING - 2025-01-07 04:37:24 --> Session: Sessions is enabled, and one exists. Please don't $session->start();
