INFO - 2025-01-05 13:18:39 --> Session: Class initialized using 'CodeIgniter\Session\Handlers\FileHandler' driver.
WARNING - 2025-01-05 13:18:39 --> Session: Sessions is enabled, and one exists. Please don't $session->start();
INFO - 2025-01-05 13:19:57 --> Session: Class initialized using 'CodeIgniter\Session\Handlers\FileHandler' driver.
WARNING - 2025-01-05 13:19:57 --> Session: Sessions is enabled, and one exists. Please don't $session->start();
INFO - 2025-01-05 13:20:01 --> Session: Class initialized using 'CodeIgniter\Session\Handlers\FileHandler' driver.
WARNING - 2025-01-05 13:20:01 --> Session: Sessions is enabled, and one exists. Please don't $session->start();
ERROR - 2025-01-05 13:20:01 --> Error connecting to the database: ErrorException: pg_connect(): Unable to connect to PostgreSQL server: FATAL:  Tenant or user not found
FATAL:  Tenant or user not found in D:\College\5th_Sem\TST\TST_UAS\UAS\system\Database\Postgre\Connection.php:77
Stack trace:
#0 [internal function]: CodeIgniter\Debug\Exceptions->errorHandler(2, 'pg_connect(): U...', 'D:\\College\\5th_...', 77)
#1 D:\College\5th_Sem\TST\TST_UAS\UAS\system\Database\Postgre\Connection.php(77): pg_connect('host=aws-0-ap-s...')
#2 D:\College\5th_Sem\TST\TST_UAS\UAS\system\Database\BaseConnection.php(421): CodeIgniter\Database\Postgre\Connection->connect(false)
#3 D:\College\5th_Sem\TST\TST_UAS\UAS\system\Database\BaseConnection.php(616): CodeIgniter\Database\BaseConnection->initialize()
#4 D:\College\5th_Sem\TST\TST_UAS\UAS\system\Database\BaseBuilder.php(1644): CodeIgniter\Database\BaseConnection->query('SELECT *\nFROM "...', Array, false)
#5 D:\College\5th_Sem\TST\TST_UAS\UAS\system\Model.php(330): CodeIgniter\Database\BaseBuilder->get()
#6 D:\College\5th_Sem\TST\TST_UAS\UAS\system\BaseModel.php(714): CodeIgniter\Model->doFirst()
#7 D:\College\5th_Sem\TST\TST_UAS\UAS\app\Controllers\AuthController.php(82): CodeIgniter\BaseModel->first()
#8 D:\College\5th_Sem\TST\TST_UAS\UAS\system\CodeIgniter.php(933): App\Controllers\AuthController->authenticate()
#9 D:\College\5th_Sem\TST\TST_UAS\UAS\system\CodeIgniter.php(509): CodeIgniter\CodeIgniter->runController(Object(App\Controllers\AuthController))
#10 D:\College\5th_Sem\TST\TST_UAS\UAS\system\CodeIgniter.php(355): CodeIgniter\CodeIgniter->handleRequest(NULL, Object(Config\Cache), false)
#11 D:\College\5th_Sem\TST\TST_UAS\UAS\system\Boot.php(325): CodeIgniter\CodeIgniter->run()
#12 D:\College\5th_Sem\TST\TST_UAS\UAS\system\Boot.php(67): CodeIgniter\Boot::runCodeIgniter(Object(CodeIgniter\CodeIgniter))
#13 D:\College\5th_Sem\TST\TST_UAS\UAS\public\index.php(56): CodeIgniter\Boot::bootWeb(Object(Config\Paths))
#14 D:\College\5th_Sem\TST\TST_UAS\UAS\system\rewrite.php(44): require_once('D:\\College\\5th_...')
#15 {main}
CRITICAL - 2025-01-05 13:20:01 --> CodeIgniter\Database\Exceptions\DatabaseException: Unable to connect to the database.
Main connection [Postgre]: pg_connect(): Unable to connect to PostgreSQL server: FATAL:  Tenant or user not found
FATAL:  Tenant or user not found
[Method: POST, Route: authenticate]
in SYSTEMPATH\Database\BaseConnection.php on line 467.
 1 SYSTEMPATH\Database\BaseConnection.php(616): CodeIgniter\Database\BaseConnection->initialize()
 2 SYSTEMPATH\Database\BaseBuilder.php(1644): CodeIgniter\Database\BaseConnection->query('SELECT *
FROM "users"
WHERE "email" = :email:
 LIMIT 1', [...], false)
 3 SYSTEMPATH\Model.php(330): CodeIgniter\Database\BaseBuilder->get()
 4 SYSTEMPATH\BaseModel.php(714): CodeIgniter\Model->doFirst()
 5 APPPATH\Controllers\AuthController.php(82): CodeIgniter\BaseModel->first()
 6 SYSTEMPATH\CodeIgniter.php(933): App\Controllers\AuthController->authenticate()
 7 SYSTEMPATH\CodeIgniter.php(509): CodeIgniter\CodeIgniter->runController(Object(App\Controllers\AuthController))
 8 SYSTEMPATH\CodeIgniter.php(355): CodeIgniter\CodeIgniter->handleRequest(null, Object(Config\Cache), false)
 9 SYSTEMPATH\Boot.php(325): CodeIgniter\CodeIgniter->run()
10 SYSTEMPATH\Boot.php(67): CodeIgniter\Boot::runCodeIgniter(Object(CodeIgniter\CodeIgniter))
11 FCPATH\index.php(56): CodeIgniter\Boot::bootWeb(Object(Config\Paths))
12 SYSTEMPATH\rewrite.php(44): require_once('D:\\College\\5th_Sem\\TST\\TST_UAS\\UAS\\public\\index.php')
INFO - 2025-01-05 13:20:28 --> Session: Class initialized using 'CodeIgniter\Session\Handlers\FileHandler' driver.
WARNING - 2025-01-05 13:20:28 --> Session: Sessions is enabled, and one exists. Please don't $session->start();
ERROR - 2025-01-05 13:20:28 --> Error connecting to the database: ErrorException: pg_connect(): Unable to connect to PostgreSQL server: FATAL:  Tenant or user not found
FATAL:  Tenant or user not found in D:\College\5th_Sem\TST\TST_UAS\UAS\system\Database\Postgre\Connection.php:77
Stack trace:
#0 [internal function]: CodeIgniter\Debug\Exceptions->errorHandler(2, 'pg_connect(): U...', 'D:\\College\\5th_...', 77)
#1 D:\College\5th_Sem\TST\TST_UAS\UAS\system\Database\Postgre\Connection.php(77): pg_connect('host=aws-0-ap-s...')
#2 D:\College\5th_Sem\TST\TST_UAS\UAS\system\Database\BaseConnection.php(421): CodeIgniter\Database\Postgre\Connection->connect(false)
#3 D:\College\5th_Sem\TST\TST_UAS\UAS\system\Database\BaseConnection.php(616): CodeIgniter\Database\BaseConnection->initialize()
#4 D:\College\5th_Sem\TST\TST_UAS\UAS\system\Database\BaseBuilder.php(1644): CodeIgniter\Database\BaseConnection->query('SELECT *\nFROM "...', Array, false)
#5 D:\College\5th_Sem\TST\TST_UAS\UAS\system\Model.php(330): CodeIgniter\Database\BaseBuilder->get()
#6 D:\College\5th_Sem\TST\TST_UAS\UAS\system\BaseModel.php(714): CodeIgniter\Model->doFirst()
#7 D:\College\5th_Sem\TST\TST_UAS\UAS\app\Controllers\AuthController.php(82): CodeIgniter\BaseModel->first()
#8 D:\College\5th_Sem\TST\TST_UAS\UAS\system\CodeIgniter.php(933): App\Controllers\AuthController->authenticate()
#9 D:\College\5th_Sem\TST\TST_UAS\UAS\system\CodeIgniter.php(509): CodeIgniter\CodeIgniter->runController(Object(App\Controllers\AuthController))
#10 D:\College\5th_Sem\TST\TST_UAS\UAS\system\CodeIgniter.php(355): CodeIgniter\CodeIgniter->handleRequest(NULL, Object(Config\Cache), false)
#11 D:\College\5th_Sem\TST\TST_UAS\UAS\system\Boot.php(325): CodeIgniter\CodeIgniter->run()
#12 D:\College\5th_Sem\TST\TST_UAS\UAS\system\Boot.php(67): CodeIgniter\Boot::runCodeIgniter(Object(CodeIgniter\CodeIgniter))
#13 D:\College\5th_Sem\TST\TST_UAS\UAS\public\index.php(56): CodeIgniter\Boot::bootWeb(Object(Config\Paths))
#14 D:\College\5th_Sem\TST\TST_UAS\UAS\system\rewrite.php(44): require_once('D:\\College\\5th_...')
#15 {main}
CRITICAL - 2025-01-05 13:20:28 --> CodeIgniter\Database\Exceptions\DatabaseException: Unable to connect to the database.
Main connection [Postgre]: pg_connect(): Unable to connect to PostgreSQL server: FATAL:  Tenant or user not found
FATAL:  Tenant or user not found
[Method: POST, Route: authenticate]
in SYSTEMPATH\Database\BaseConnection.php on line 467.
 1 SYSTEMPATH\Database\BaseConnection.php(616): CodeIgniter\Database\BaseConnection->initialize()
 2 SYSTEMPATH\Database\BaseBuilder.php(1644): CodeIgniter\Database\BaseConnection->query('SELECT *
FROM "users"
WHERE "email" = :email:
 LIMIT 1', [...], false)
 3 SYSTEMPATH\Model.php(330): CodeIgniter\Database\BaseBuilder->get()
 4 SYSTEMPATH\BaseModel.php(714): CodeIgniter\Model->doFirst()
 5 APPPATH\Controllers\AuthController.php(82): CodeIgniter\BaseModel->first()
 6 SYSTEMPATH\CodeIgniter.php(933): App\Controllers\AuthController->authenticate()
 7 SYSTEMPATH\CodeIgniter.php(509): CodeIgniter\CodeIgniter->runController(Object(App\Controllers\AuthController))
 8 SYSTEMPATH\CodeIgniter.php(355): CodeIgniter\CodeIgniter->handleRequest(null, Object(Config\Cache), false)
 9 SYSTEMPATH\Boot.php(325): CodeIgniter\CodeIgniter->run()
10 SYSTEMPATH\Boot.php(67): CodeIgniter\Boot::runCodeIgniter(Object(CodeIgniter\CodeIgniter))
11 FCPATH\index.php(56): CodeIgniter\Boot::bootWeb(Object(Config\Paths))
12 SYSTEMPATH\rewrite.php(44): require_once('D:\\College\\5th_Sem\\TST\\TST_UAS\\UAS\\public\\index.php')
INFO - 2025-01-05 13:22:47 --> Session: Class initialized using 'CodeIgniter\Session\Handlers\FileHandler' driver.
WARNING - 2025-01-05 13:22:47 --> Session: Sessions is enabled, and one exists. Please don't $session->start();
INFO - 2025-01-05 13:28:35 --> Session: Class initialized using 'CodeIgniter\Session\Handlers\FileHandler' driver.
WARNING - 2025-01-05 13:28:35 --> Session: Sessions is enabled, and one exists. Please don't $session->start();
ERROR - 2025-01-05 13:28:35 --> Error connecting to the database: ErrorException: pg_connect(): Unable to connect to PostgreSQL server: FATAL:  Tenant or user not found
FATAL:  Tenant or user not found in D:\College\5th_Sem\TST\TST_UAS\UAS\system\Database\Postgre\Connection.php:77
Stack trace:
#0 [internal function]: CodeIgniter\Debug\Exceptions->errorHandler(2, 'pg_connect(): U...', 'D:\\College\\5th_...', 77)
#1 D:\College\5th_Sem\TST\TST_UAS\UAS\system\Database\Postgre\Connection.php(77): pg_connect('host=aws-0-ap-s...')
#2 D:\College\5th_Sem\TST\TST_UAS\UAS\system\Database\BaseConnection.php(421): CodeIgniter\Database\Postgre\Connection->connect(false)
#3 D:\College\5th_Sem\TST\TST_UAS\UAS\system\Database\BaseConnection.php(616): CodeIgniter\Database\BaseConnection->initialize()
#4 D:\College\5th_Sem\TST\TST_UAS\UAS\system\Database\BaseBuilder.php(1644): CodeIgniter\Database\BaseConnection->query('SELECT *\nFROM "...', Array, false)
#5 D:\College\5th_Sem\TST\TST_UAS\UAS\system\Model.php(330): CodeIgniter\Database\BaseBuilder->get()
#6 D:\College\5th_Sem\TST\TST_UAS\UAS\system\BaseModel.php(714): CodeIgniter\Model->doFirst()
#7 D:\College\5th_Sem\TST\TST_UAS\UAS\app\Controllers\AuthController.php(82): CodeIgniter\BaseModel->first()
#8 D:\College\5th_Sem\TST\TST_UAS\UAS\system\CodeIgniter.php(933): App\Controllers\AuthController->authenticate()
#9 D:\College\5th_Sem\TST\TST_UAS\UAS\system\CodeIgniter.php(509): CodeIgniter\CodeIgniter->runController(Object(App\Controllers\AuthController))
#10 D:\College\5th_Sem\TST\TST_UAS\UAS\system\CodeIgniter.php(355): CodeIgniter\CodeIgniter->handleRequest(NULL, Object(Config\Cache), false)
#11 D:\College\5th_Sem\TST\TST_UAS\UAS\system\Boot.php(325): CodeIgniter\CodeIgniter->run()
#12 D:\College\5th_Sem\TST\TST_UAS\UAS\system\Boot.php(67): CodeIgniter\Boot::runCodeIgniter(Object(CodeIgniter\CodeIgniter))
#13 D:\College\5th_Sem\TST\TST_UAS\UAS\public\index.php(56): CodeIgniter\Boot::bootWeb(Object(Config\Paths))
#14 D:\College\5th_Sem\TST\TST_UAS\UAS\system\rewrite.php(44): require_once('D:\\College\\5th_...')
#15 {main}
CRITICAL - 2025-01-05 13:28:35 --> CodeIgniter\Database\Exceptions\DatabaseException: Unable to connect to the database.
Main connection [Postgre]: pg_connect(): Unable to connect to PostgreSQL server: FATAL:  Tenant or user not found
FATAL:  Tenant or user not found
[Method: POST, Route: authenticate]
in SYSTEMPATH\Database\BaseConnection.php on line 467.
 1 SYSTEMPATH\Database\BaseConnection.php(616): CodeIgniter\Database\BaseConnection->initialize()
 2 SYSTEMPATH\Database\BaseBuilder.php(1644): CodeIgniter\Database\BaseConnection->query('SELECT *
FROM "users"
WHERE "email" = :email:
 LIMIT 1', [...], false)
 3 SYSTEMPATH\Model.php(330): CodeIgniter\Database\BaseBuilder->get()
 4 SYSTEMPATH\BaseModel.php(714): CodeIgniter\Model->doFirst()
 5 APPPATH\Controllers\AuthController.php(82): CodeIgniter\BaseModel->first()
 6 SYSTEMPATH\CodeIgniter.php(933): App\Controllers\AuthController->authenticate()
 7 SYSTEMPATH\CodeIgniter.php(509): CodeIgniter\CodeIgniter->runController(Object(App\Controllers\AuthController))
 8 SYSTEMPATH\CodeIgniter.php(355): CodeIgniter\CodeIgniter->handleRequest(null, Object(Config\Cache), false)
 9 SYSTEMPATH\Boot.php(325): CodeIgniter\CodeIgniter->run()
10 SYSTEMPATH\Boot.php(67): CodeIgniter\Boot::runCodeIgniter(Object(CodeIgniter\CodeIgniter))
11 FCPATH\index.php(56): CodeIgniter\Boot::bootWeb(Object(Config\Paths))
12 SYSTEMPATH\rewrite.php(44): require_once('D:\\College\\5th_Sem\\TST\\TST_UAS\\UAS\\public\\index.php')
INFO - 2025-01-05 13:34:36 --> Session: Class initialized using 'CodeIgniter\Session\Handlers\FileHandler' driver.
WARNING - 2025-01-05 13:34:36 --> Session: Sessions is enabled, and one exists. Please don't $session->start();
ERROR - 2025-01-05 13:34:36 --> mysqli_sql_exception: Table 'foodmart.users' doesn't exist in D:\College\5th_Sem\TST\TST_UAS\UAS\system\Database\MySQLi\Connection.php:312
Stack trace:
#0 D:\College\5th_Sem\TST\TST_UAS\UAS\system\Database\MySQLi\Connection.php(312): mysqli->query('SELECT *\nFROM `...', 0)
#1 D:\College\5th_Sem\TST\TST_UAS\UAS\system\Database\BaseConnection.php(734): CodeIgniter\Database\MySQLi\Connection->execute('SELECT *\nFROM `...')
#2 D:\College\5th_Sem\TST\TST_UAS\UAS\system\Database\BaseConnection.php(648): CodeIgniter\Database\BaseConnection->simpleQuery('SELECT *\nFROM `...')
#3 D:\College\5th_Sem\TST\TST_UAS\UAS\system\Database\BaseBuilder.php(1644): CodeIgniter\Database\BaseConnection->query('SELECT *\nFROM `...', Array, false)
#4 D:\College\5th_Sem\TST\TST_UAS\UAS\system\Model.php(330): CodeIgniter\Database\BaseBuilder->get()
#5 D:\College\5th_Sem\TST\TST_UAS\UAS\system\BaseModel.php(714): CodeIgniter\Model->doFirst()
#6 D:\College\5th_Sem\TST\TST_UAS\UAS\app\Controllers\AuthController.php(82): CodeIgniter\BaseModel->first()
#7 D:\College\5th_Sem\TST\TST_UAS\UAS\system\CodeIgniter.php(933): App\Controllers\AuthController->authenticate()
#8 D:\College\5th_Sem\TST\TST_UAS\UAS\system\CodeIgniter.php(509): CodeIgniter\CodeIgniter->runController(Object(App\Controllers\AuthController))
#9 D:\College\5th_Sem\TST\TST_UAS\UAS\system\CodeIgniter.php(355): CodeIgniter\CodeIgniter->handleRequest(NULL, Object(Config\Cache), false)
#10 D:\College\5th_Sem\TST\TST_UAS\UAS\system\Boot.php(325): CodeIgniter\CodeIgniter->run()
#11 D:\College\5th_Sem\TST\TST_UAS\UAS\system\Boot.php(67): CodeIgniter\Boot::runCodeIgniter(Object(CodeIgniter\CodeIgniter))
#12 D:\College\5th_Sem\TST\TST_UAS\UAS\public\index.php(56): CodeIgniter\Boot::bootWeb(Object(Config\Paths))
#13 D:\College\5th_Sem\TST\TST_UAS\UAS\system\rewrite.php(44): require_once('D:\\College\\5th_...')
#14 {main}
CRITICAL - 2025-01-05 13:34:36 --> CodeIgniter\Database\Exceptions\DatabaseException: Table 'foodmart.users' doesn't exist
[Method: POST, Route: authenticate]
in SYSTEMPATH\Database\BaseConnection.php on line 688.
 1 SYSTEMPATH\Database\BaseBuilder.php(1644): CodeIgniter\Database\BaseConnection->query('SELECT *
FROM `users`
WHERE `email` = :email:
 LIMIT 1', [...], false)
 2 SYSTEMPATH\Model.php(330): CodeIgniter\Database\BaseBuilder->get()
 3 SYSTEMPATH\BaseModel.php(714): CodeIgniter\Model->doFirst()
 4 APPPATH\Controllers\AuthController.php(82): CodeIgniter\BaseModel->first()
 5 SYSTEMPATH\CodeIgniter.php(933): App\Controllers\AuthController->authenticate()
 6 SYSTEMPATH\CodeIgniter.php(509): CodeIgniter\CodeIgniter->runController(Object(App\Controllers\AuthController))
 7 SYSTEMPATH\CodeIgniter.php(355): CodeIgniter\CodeIgniter->handleRequest(null, Object(Config\Cache), false)
 8 SYSTEMPATH\Boot.php(325): CodeIgniter\CodeIgniter->run()
 9 SYSTEMPATH\Boot.php(67): CodeIgniter\Boot::runCodeIgniter(Object(CodeIgniter\CodeIgniter))
10 FCPATH\index.php(56): CodeIgniter\Boot::bootWeb(Object(Config\Paths))
11 SYSTEMPATH\rewrite.php(44): require_once('D:\\College\\5th_Sem\\TST\\TST_UAS\\UAS\\public\\index.php')
CRITICAL - 2025-01-05 13:34:36 --> [Caused by] CodeIgniter\Database\Exceptions\DatabaseException: Table 'foodmart.users' doesn't exist
in SYSTEMPATH\Database\MySQLi\Connection.php on line 317.
 1 SYSTEMPATH\Database\BaseConnection.php(734): CodeIgniter\Database\MySQLi\Connection->execute('SELECT *
FROM `users`
WHERE `email` = \'lol@gmail.com\'
 LIMIT 1')
 2 SYSTEMPATH\Database\BaseConnection.php(648): CodeIgniter\Database\BaseConnection->simpleQuery('SELECT *
FROM `users`
WHERE `email` = \'lol@gmail.com\'
 LIMIT 1')
 3 SYSTEMPATH\Database\BaseBuilder.php(1644): CodeIgniter\Database\BaseConnection->query('SELECT *
FROM `users`
WHERE `email` = :email:
 LIMIT 1', [...], false)
 4 SYSTEMPATH\Model.php(330): CodeIgniter\Database\BaseBuilder->get()
 5 SYSTEMPATH\BaseModel.php(714): CodeIgniter\Model->doFirst()
 6 APPPATH\Controllers\AuthController.php(82): CodeIgniter\BaseModel->first()
 7 SYSTEMPATH\CodeIgniter.php(933): App\Controllers\AuthController->authenticate()
 8 SYSTEMPATH\CodeIgniter.php(509): CodeIgniter\CodeIgniter->runController(Object(App\Controllers\AuthController))
 9 SYSTEMPATH\CodeIgniter.php(355): CodeIgniter\CodeIgniter->handleRequest(null, Object(Config\Cache), false)
10 SYSTEMPATH\Boot.php(325): CodeIgniter\CodeIgniter->run()
11 SYSTEMPATH\Boot.php(67): CodeIgniter\Boot::runCodeIgniter(Object(CodeIgniter\CodeIgniter))
12 FCPATH\index.php(56): CodeIgniter\Boot::bootWeb(Object(Config\Paths))
13 SYSTEMPATH\rewrite.php(44): require_once('D:\\College\\5th_Sem\\TST\\TST_UAS\\UAS\\public\\index.php')
CRITICAL - 2025-01-05 13:34:36 --> [Caused by] mysqli_sql_exception: Table 'foodmart.users' doesn't exist
in SYSTEMPATH\Database\MySQLi\Connection.php on line 312.
 1 SYSTEMPATH\Database\MySQLi\Connection.php(312): mysqli->query('SELECT *
FROM `users`
WHERE `email` = \'lol@gmail.com\'
 LIMIT 1', 0)
 2 SYSTEMPATH\Database\BaseConnection.php(734): CodeIgniter\Database\MySQLi\Connection->execute('SELECT *
FROM `users`
WHERE `email` = \'lol@gmail.com\'
 LIMIT 1')
 3 SYSTEMPATH\Database\BaseConnection.php(648): CodeIgniter\Database\BaseConnection->simpleQuery('SELECT *
FROM `users`
WHERE `email` = \'lol@gmail.com\'
 LIMIT 1')
 4 SYSTEMPATH\Database\BaseBuilder.php(1644): CodeIgniter\Database\BaseConnection->query('SELECT *
FROM `users`
WHERE `email` = :email:
 LIMIT 1', [...], false)
 5 SYSTEMPATH\Model.php(330): CodeIgniter\Database\BaseBuilder->get()
 6 SYSTEMPATH\BaseModel.php(714): CodeIgniter\Model->doFirst()
 7 APPPATH\Controllers\AuthController.php(82): CodeIgniter\BaseModel->first()
 8 SYSTEMPATH\CodeIgniter.php(933): App\Controllers\AuthController->authenticate()
 9 SYSTEMPATH\CodeIgniter.php(509): CodeIgniter\CodeIgniter->runController(Object(App\Controllers\AuthController))
10 SYSTEMPATH\CodeIgniter.php(355): CodeIgniter\CodeIgniter->handleRequest(null, Object(Config\Cache), false)
11 SYSTEMPATH\Boot.php(325): CodeIgniter\CodeIgniter->run()
12 SYSTEMPATH\Boot.php(67): CodeIgniter\Boot::runCodeIgniter(Object(CodeIgniter\CodeIgniter))
13 FCPATH\index.php(56): CodeIgniter\Boot::bootWeb(Object(Config\Paths))
14 SYSTEMPATH\rewrite.php(44): require_once('D:\\College\\5th_Sem\\TST\\TST_UAS\\UAS\\public\\index.php')
INFO - 2025-01-05 13:34:52 --> Session: Class initialized using 'CodeIgniter\Session\Handlers\FileHandler' driver.
WARNING - 2025-01-05 13:34:52 --> Session: Sessions is enabled, and one exists. Please don't $session->start();
ERROR - 2025-01-05 13:34:52 --> mysqli_sql_exception: Table 'foodmart.users' doesn't exist in D:\College\5th_Sem\TST\TST_UAS\UAS\system\Database\MySQLi\Connection.php:312
Stack trace:
#0 D:\College\5th_Sem\TST\TST_UAS\UAS\system\Database\MySQLi\Connection.php(312): mysqli->query('SELECT *\nFROM `...', 0)
#1 D:\College\5th_Sem\TST\TST_UAS\UAS\system\Database\BaseConnection.php(734): CodeIgniter\Database\MySQLi\Connection->execute('SELECT *\nFROM `...')
#2 D:\College\5th_Sem\TST\TST_UAS\UAS\system\Database\BaseConnection.php(648): CodeIgniter\Database\BaseConnection->simpleQuery('SELECT *\nFROM `...')
#3 D:\College\5th_Sem\TST\TST_UAS\UAS\system\Database\BaseBuilder.php(1644): CodeIgniter\Database\BaseConnection->query('SELECT *\nFROM `...', Array, false)
#4 D:\College\5th_Sem\TST\TST_UAS\UAS\system\Model.php(330): CodeIgniter\Database\BaseBuilder->get()
#5 D:\College\5th_Sem\TST\TST_UAS\UAS\system\BaseModel.php(714): CodeIgniter\Model->doFirst()
#6 D:\College\5th_Sem\TST\TST_UAS\UAS\app\Controllers\AuthController.php(82): CodeIgniter\BaseModel->first()
#7 D:\College\5th_Sem\TST\TST_UAS\UAS\system\CodeIgniter.php(933): App\Controllers\AuthController->authenticate()
#8 D:\College\5th_Sem\TST\TST_UAS\UAS\system\CodeIgniter.php(509): CodeIgniter\CodeIgniter->runController(Object(App\Controllers\AuthController))
#9 D:\College\5th_Sem\TST\TST_UAS\UAS\system\CodeIgniter.php(355): CodeIgniter\CodeIgniter->handleRequest(NULL, Object(Config\Cache), false)
#10 D:\College\5th_Sem\TST\TST_UAS\UAS\system\Boot.php(325): CodeIgniter\CodeIgniter->run()
#11 D:\College\5th_Sem\TST\TST_UAS\UAS\system\Boot.php(67): CodeIgniter\Boot::runCodeIgniter(Object(CodeIgniter\CodeIgniter))
#12 D:\College\5th_Sem\TST\TST_UAS\UAS\public\index.php(56): CodeIgniter\Boot::bootWeb(Object(Config\Paths))
#13 D:\College\5th_Sem\TST\TST_UAS\UAS\system\rewrite.php(44): require_once('D:\\College\\5th_...')
#14 {main}
CRITICAL - 2025-01-05 13:34:52 --> CodeIgniter\Database\Exceptions\DatabaseException: Table 'foodmart.users' doesn't exist
[Method: POST, Route: authenticate]
in SYSTEMPATH\Database\BaseConnection.php on line 688.
 1 SYSTEMPATH\Database\BaseBuilder.php(1644): CodeIgniter\Database\BaseConnection->query('SELECT *
FROM `users`
WHERE `email` = :email:
 LIMIT 1', [...], false)
 2 SYSTEMPATH\Model.php(330): CodeIgniter\Database\BaseBuilder->get()
 3 SYSTEMPATH\BaseModel.php(714): CodeIgniter\Model->doFirst()
 4 APPPATH\Controllers\AuthController.php(82): CodeIgniter\BaseModel->first()
 5 SYSTEMPATH\CodeIgniter.php(933): App\Controllers\AuthController->authenticate()
 6 SYSTEMPATH\CodeIgniter.php(509): CodeIgniter\CodeIgniter->runController(Object(App\Controllers\AuthController))
 7 SYSTEMPATH\CodeIgniter.php(355): CodeIgniter\CodeIgniter->handleRequest(null, Object(Config\Cache), false)
 8 SYSTEMPATH\Boot.php(325): CodeIgniter\CodeIgniter->run()
 9 SYSTEMPATH\Boot.php(67): CodeIgniter\Boot::runCodeIgniter(Object(CodeIgniter\CodeIgniter))
10 FCPATH\index.php(56): CodeIgniter\Boot::bootWeb(Object(Config\Paths))
11 SYSTEMPATH\rewrite.php(44): require_once('D:\\College\\5th_Sem\\TST\\TST_UAS\\UAS\\public\\index.php')
CRITICAL - 2025-01-05 13:34:52 --> [Caused by] CodeIgniter\Database\Exceptions\DatabaseException: Table 'foodmart.users' doesn't exist
in SYSTEMPATH\Database\MySQLi\Connection.php on line 317.
 1 SYSTEMPATH\Database\BaseConnection.php(734): CodeIgniter\Database\MySQLi\Connection->execute('SELECT *
FROM `users`
WHERE `email` = \'lol@gmail.com\'
 LIMIT 1')
 2 SYSTEMPATH\Database\BaseConnection.php(648): CodeIgniter\Database\BaseConnection->simpleQuery('SELECT *
FROM `users`
WHERE `email` = \'lol@gmail.com\'
 LIMIT 1')
 3 SYSTEMPATH\Database\BaseBuilder.php(1644): CodeIgniter\Database\BaseConnection->query('SELECT *
FROM `users`
WHERE `email` = :email:
 LIMIT 1', [...], false)
 4 SYSTEMPATH\Model.php(330): CodeIgniter\Database\BaseBuilder->get()
 5 SYSTEMPATH\BaseModel.php(714): CodeIgniter\Model->doFirst()
 6 APPPATH\Controllers\AuthController.php(82): CodeIgniter\BaseModel->first()
 7 SYSTEMPATH\CodeIgniter.php(933): App\Controllers\AuthController->authenticate()
 8 SYSTEMPATH\CodeIgniter.php(509): CodeIgniter\CodeIgniter->runController(Object(App\Controllers\AuthController))
 9 SYSTEMPATH\CodeIgniter.php(355): CodeIgniter\CodeIgniter->handleRequest(null, Object(Config\Cache), false)
10 SYSTEMPATH\Boot.php(325): CodeIgniter\CodeIgniter->run()
11 SYSTEMPATH\Boot.php(67): CodeIgniter\Boot::runCodeIgniter(Object(CodeIgniter\CodeIgniter))
12 FCPATH\index.php(56): CodeIgniter\Boot::bootWeb(Object(Config\Paths))
13 SYSTEMPATH\rewrite.php(44): require_once('D:\\College\\5th_Sem\\TST\\TST_UAS\\UAS\\public\\index.php')
CRITICAL - 2025-01-05 13:34:52 --> [Caused by] mysqli_sql_exception: Table 'foodmart.users' doesn't exist
in SYSTEMPATH\Database\MySQLi\Connection.php on line 312.
 1 SYSTEMPATH\Database\MySQLi\Connection.php(312): mysqli->query('SELECT *
FROM `users`
WHERE `email` = \'lol@gmail.com\'
 LIMIT 1', 0)
 2 SYSTEMPATH\Database\BaseConnection.php(734): CodeIgniter\Database\MySQLi\Connection->execute('SELECT *
FROM `users`
WHERE `email` = \'lol@gmail.com\'
 LIMIT 1')
 3 SYSTEMPATH\Database\BaseConnection.php(648): CodeIgniter\Database\BaseConnection->simpleQuery('SELECT *
FROM `users`
WHERE `email` = \'lol@gmail.com\'
 LIMIT 1')
 4 SYSTEMPATH\Database\BaseBuilder.php(1644): CodeIgniter\Database\BaseConnection->query('SELECT *
FROM `users`
WHERE `email` = :email:
 LIMIT 1', [...], false)
 5 SYSTEMPATH\Model.php(330): CodeIgniter\Database\BaseBuilder->get()
 6 SYSTEMPATH\BaseModel.php(714): CodeIgniter\Model->doFirst()
 7 APPPATH\Controllers\AuthController.php(82): CodeIgniter\BaseModel->first()
 8 SYSTEMPATH\CodeIgniter.php(933): App\Controllers\AuthController->authenticate()
 9 SYSTEMPATH\CodeIgniter.php(509): CodeIgniter\CodeIgniter->runController(Object(App\Controllers\AuthController))
10 SYSTEMPATH\CodeIgniter.php(355): CodeIgniter\CodeIgniter->handleRequest(null, Object(Config\Cache), false)
11 SYSTEMPATH\Boot.php(325): CodeIgniter\CodeIgniter->run()
12 SYSTEMPATH\Boot.php(67): CodeIgniter\Boot::runCodeIgniter(Object(CodeIgniter\CodeIgniter))
13 FCPATH\index.php(56): CodeIgniter\Boot::bootWeb(Object(Config\Paths))
14 SYSTEMPATH\rewrite.php(44): require_once('D:\\College\\5th_Sem\\TST\\TST_UAS\\UAS\\public\\index.php')
INFO - 2025-01-05 13:34:56 --> Session: Class initialized using 'CodeIgniter\Session\Handlers\FileHandler' driver.
WARNING - 2025-01-05 13:34:56 --> Session: Sessions is enabled, and one exists. Please don't $session->start();
ERROR - 2025-01-05 13:34:56 --> mysqli_sql_exception: Table 'foodmart.users' doesn't exist in D:\College\5th_Sem\TST\TST_UAS\UAS\system\Database\MySQLi\Connection.php:312
Stack trace:
#0 D:\College\5th_Sem\TST\TST_UAS\UAS\system\Database\MySQLi\Connection.php(312): mysqli->query('SELECT *\nFROM `...', 0)
#1 D:\College\5th_Sem\TST\TST_UAS\UAS\system\Database\BaseConnection.php(734): CodeIgniter\Database\MySQLi\Connection->execute('SELECT *\nFROM `...')
#2 D:\College\5th_Sem\TST\TST_UAS\UAS\system\Database\BaseConnection.php(648): CodeIgniter\Database\BaseConnection->simpleQuery('SELECT *\nFROM `...')
#3 D:\College\5th_Sem\TST\TST_UAS\UAS\system\Database\BaseBuilder.php(1644): CodeIgniter\Database\BaseConnection->query('SELECT *\nFROM `...', Array, false)
#4 D:\College\5th_Sem\TST\TST_UAS\UAS\system\Model.php(330): CodeIgniter\Database\BaseBuilder->get()
#5 D:\College\5th_Sem\TST\TST_UAS\UAS\system\BaseModel.php(714): CodeIgniter\Model->doFirst()
#6 D:\College\5th_Sem\TST\TST_UAS\UAS\app\Controllers\AuthController.php(82): CodeIgniter\BaseModel->first()
#7 D:\College\5th_Sem\TST\TST_UAS\UAS\system\CodeIgniter.php(933): App\Controllers\AuthController->authenticate()
#8 D:\College\5th_Sem\TST\TST_UAS\UAS\system\CodeIgniter.php(509): CodeIgniter\CodeIgniter->runController(Object(App\Controllers\AuthController))
#9 D:\College\5th_Sem\TST\TST_UAS\UAS\system\CodeIgniter.php(355): CodeIgniter\CodeIgniter->handleRequest(NULL, Object(Config\Cache), false)
#10 D:\College\5th_Sem\TST\TST_UAS\UAS\system\Boot.php(325): CodeIgniter\CodeIgniter->run()
#11 D:\College\5th_Sem\TST\TST_UAS\UAS\system\Boot.php(67): CodeIgniter\Boot::runCodeIgniter(Object(CodeIgniter\CodeIgniter))
#12 D:\College\5th_Sem\TST\TST_UAS\UAS\public\index.php(56): CodeIgniter\Boot::bootWeb(Object(Config\Paths))
#13 D:\College\5th_Sem\TST\TST_UAS\UAS\system\rewrite.php(44): require_once('D:\\College\\5th_...')
#14 {main}
CRITICAL - 2025-01-05 13:34:56 --> CodeIgniter\Database\Exceptions\DatabaseException: Table 'foodmart.users' doesn't exist
[Method: POST, Route: authenticate]
in SYSTEMPATH\Database\BaseConnection.php on line 688.
 1 SYSTEMPATH\Database\BaseBuilder.php(1644): CodeIgniter\Database\BaseConnection->query('SELECT *
FROM `users`
WHERE `email` = :email:
 LIMIT 1', [...], false)
 2 SYSTEMPATH\Model.php(330): CodeIgniter\Database\BaseBuilder->get()
 3 SYSTEMPATH\BaseModel.php(714): CodeIgniter\Model->doFirst()
 4 APPPATH\Controllers\AuthController.php(82): CodeIgniter\BaseModel->first()
 5 SYSTEMPATH\CodeIgniter.php(933): App\Controllers\AuthController->authenticate()
 6 SYSTEMPATH\CodeIgniter.php(509): CodeIgniter\CodeIgniter->runController(Object(App\Controllers\AuthController))
 7 SYSTEMPATH\CodeIgniter.php(355): CodeIgniter\CodeIgniter->handleRequest(null, Object(Config\Cache), false)
 8 SYSTEMPATH\Boot.php(325): CodeIgniter\CodeIgniter->run()
 9 SYSTEMPATH\Boot.php(67): CodeIgniter\Boot::runCodeIgniter(Object(CodeIgniter\CodeIgniter))
10 FCPATH\index.php(56): CodeIgniter\Boot::bootWeb(Object(Config\Paths))
11 SYSTEMPATH\rewrite.php(44): require_once('D:\\College\\5th_Sem\\TST\\TST_UAS\\UAS\\public\\index.php')
CRITICAL - 2025-01-05 13:34:56 --> [Caused by] CodeIgniter\Database\Exceptions\DatabaseException: Table 'foodmart.users' doesn't exist
in SYSTEMPATH\Database\MySQLi\Connection.php on line 317.
 1 SYSTEMPATH\Database\BaseConnection.php(734): CodeIgniter\Database\MySQLi\Connection->execute('SELECT *
FROM `users`
WHERE `email` = \'lol@gmail.com\'
 LIMIT 1')
 2 SYSTEMPATH\Database\BaseConnection.php(648): CodeIgniter\Database\BaseConnection->simpleQuery('SELECT *
FROM `users`
WHERE `email` = \'lol@gmail.com\'
 LIMIT 1')
 3 SYSTEMPATH\Database\BaseBuilder.php(1644): CodeIgniter\Database\BaseConnection->query('SELECT *
FROM `users`
WHERE `email` = :email:
 LIMIT 1', [...], false)
 4 SYSTEMPATH\Model.php(330): CodeIgniter\Database\BaseBuilder->get()
 5 SYSTEMPATH\BaseModel.php(714): CodeIgniter\Model->doFirst()
 6 APPPATH\Controllers\AuthController.php(82): CodeIgniter\BaseModel->first()
 7 SYSTEMPATH\CodeIgniter.php(933): App\Controllers\AuthController->authenticate()
 8 SYSTEMPATH\CodeIgniter.php(509): CodeIgniter\CodeIgniter->runController(Object(App\Controllers\AuthController))
 9 SYSTEMPATH\CodeIgniter.php(355): CodeIgniter\CodeIgniter->handleRequest(null, Object(Config\Cache), false)
10 SYSTEMPATH\Boot.php(325): CodeIgniter\CodeIgniter->run()
11 SYSTEMPATH\Boot.php(67): CodeIgniter\Boot::runCodeIgniter(Object(CodeIgniter\CodeIgniter))
12 FCPATH\index.php(56): CodeIgniter\Boot::bootWeb(Object(Config\Paths))
13 SYSTEMPATH\rewrite.php(44): require_once('D:\\College\\5th_Sem\\TST\\TST_UAS\\UAS\\public\\index.php')
CRITICAL - 2025-01-05 13:34:56 --> [Caused by] mysqli_sql_exception: Table 'foodmart.users' doesn't exist
in SYSTEMPATH\Database\MySQLi\Connection.php on line 312.
 1 SYSTEMPATH\Database\MySQLi\Connection.php(312): mysqli->query('SELECT *
FROM `users`
WHERE `email` = \'lol@gmail.com\'
 LIMIT 1', 0)
 2 SYSTEMPATH\Database\BaseConnection.php(734): CodeIgniter\Database\MySQLi\Connection->execute('SELECT *
FROM `users`
WHERE `email` = \'lol@gmail.com\'
 LIMIT 1')
 3 SYSTEMPATH\Database\BaseConnection.php(648): CodeIgniter\Database\BaseConnection->simpleQuery('SELECT *
FROM `users`
WHERE `email` = \'lol@gmail.com\'
 LIMIT 1')
 4 SYSTEMPATH\Database\BaseBuilder.php(1644): CodeIgniter\Database\BaseConnection->query('SELECT *
FROM `users`
WHERE `email` = :email:
 LIMIT 1', [...], false)
 5 SYSTEMPATH\Model.php(330): CodeIgniter\Database\BaseBuilder->get()
 6 SYSTEMPATH\BaseModel.php(714): CodeIgniter\Model->doFirst()
 7 APPPATH\Controllers\AuthController.php(82): CodeIgniter\BaseModel->first()
 8 SYSTEMPATH\CodeIgniter.php(933): App\Controllers\AuthController->authenticate()
 9 SYSTEMPATH\CodeIgniter.php(509): CodeIgniter\CodeIgniter->runController(Object(App\Controllers\AuthController))
10 SYSTEMPATH\CodeIgniter.php(355): CodeIgniter\CodeIgniter->handleRequest(null, Object(Config\Cache), false)
11 SYSTEMPATH\Boot.php(325): CodeIgniter\CodeIgniter->run()
12 SYSTEMPATH\Boot.php(67): CodeIgniter\Boot::runCodeIgniter(Object(CodeIgniter\CodeIgniter))
13 FCPATH\index.php(56): CodeIgniter\Boot::bootWeb(Object(Config\Paths))
14 SYSTEMPATH\rewrite.php(44): require_once('D:\\College\\5th_Sem\\TST\\TST_UAS\\UAS\\public\\index.php')
INFO - 2025-01-05 13:34:57 --> Session: Class initialized using 'CodeIgniter\Session\Handlers\FileHandler' driver.
WARNING - 2025-01-05 13:34:57 --> Session: Sessions is enabled, and one exists. Please don't $session->start();
INFO - 2025-01-05 13:35:08 --> Session: Class initialized using 'CodeIgniter\Session\Handlers\FileHandler' driver.
WARNING - 2025-01-05 13:35:08 --> Session: Sessions is enabled, and one exists. Please don't $session->start();
INFO - 2025-01-05 13:35:11 --> Session: Class initialized using 'CodeIgniter\Session\Handlers\FileHandler' driver.
WARNING - 2025-01-05 13:35:11 --> Session: Sessions is enabled, and one exists. Please don't $session->start();
ERROR - 2025-01-05 13:35:11 --> mysqli_sql_exception: Table 'foodmart.users' doesn't exist in D:\College\5th_Sem\TST\TST_UAS\UAS\system\Database\MySQLi\Connection.php:312
Stack trace:
#0 D:\College\5th_Sem\TST\TST_UAS\UAS\system\Database\MySQLi\Connection.php(312): mysqli->query('SELECT *\nFROM `...', 0)
#1 D:\College\5th_Sem\TST\TST_UAS\UAS\system\Database\BaseConnection.php(734): CodeIgniter\Database\MySQLi\Connection->execute('SELECT *\nFROM `...')
#2 D:\College\5th_Sem\TST\TST_UAS\UAS\system\Database\BaseConnection.php(648): CodeIgniter\Database\BaseConnection->simpleQuery('SELECT *\nFROM `...')
#3 D:\College\5th_Sem\TST\TST_UAS\UAS\system\Database\BaseBuilder.php(1644): CodeIgniter\Database\BaseConnection->query('SELECT *\nFROM `...', Array, false)
#4 D:\College\5th_Sem\TST\TST_UAS\UAS\system\Model.php(330): CodeIgniter\Database\BaseBuilder->get()
#5 D:\College\5th_Sem\TST\TST_UAS\UAS\system\BaseModel.php(714): CodeIgniter\Model->doFirst()
#6 D:\College\5th_Sem\TST\TST_UAS\UAS\app\Controllers\AuthController.php(82): CodeIgniter\BaseModel->first()
#7 D:\College\5th_Sem\TST\TST_UAS\UAS\system\CodeIgniter.php(933): App\Controllers\AuthController->authenticate()
#8 D:\College\5th_Sem\TST\TST_UAS\UAS\system\CodeIgniter.php(509): CodeIgniter\CodeIgniter->runController(Object(App\Controllers\AuthController))
#9 D:\College\5th_Sem\TST\TST_UAS\UAS\system\CodeIgniter.php(355): CodeIgniter\CodeIgniter->handleRequest(NULL, Object(Config\Cache), false)
#10 D:\College\5th_Sem\TST\TST_UAS\UAS\system\Boot.php(325): CodeIgniter\CodeIgniter->run()
#11 D:\College\5th_Sem\TST\TST_UAS\UAS\system\Boot.php(67): CodeIgniter\Boot::runCodeIgniter(Object(CodeIgniter\CodeIgniter))
#12 D:\College\5th_Sem\TST\TST_UAS\UAS\public\index.php(56): CodeIgniter\Boot::bootWeb(Object(Config\Paths))
#13 D:\College\5th_Sem\TST\TST_UAS\UAS\system\rewrite.php(44): require_once('D:\\College\\5th_...')
#14 {main}
CRITICAL - 2025-01-05 13:35:11 --> CodeIgniter\Database\Exceptions\DatabaseException: Table 'foodmart.users' doesn't exist
[Method: POST, Route: authenticate]
in SYSTEMPATH\Database\BaseConnection.php on line 688.
 1 SYSTEMPATH\Database\BaseBuilder.php(1644): CodeIgniter\Database\BaseConnection->query('SELECT *
FROM `users`
WHERE `email` = :email:
 LIMIT 1', [...], false)
 2 SYSTEMPATH\Model.php(330): CodeIgniter\Database\BaseBuilder->get()
 3 SYSTEMPATH\BaseModel.php(714): CodeIgniter\Model->doFirst()
 4 APPPATH\Controllers\AuthController.php(82): CodeIgniter\BaseModel->first()
 5 SYSTEMPATH\CodeIgniter.php(933): App\Controllers\AuthController->authenticate()
 6 SYSTEMPATH\CodeIgniter.php(509): CodeIgniter\CodeIgniter->runController(Object(App\Controllers\AuthController))
 7 SYSTEMPATH\CodeIgniter.php(355): CodeIgniter\CodeIgniter->handleRequest(null, Object(Config\Cache), false)
 8 SYSTEMPATH\Boot.php(325): CodeIgniter\CodeIgniter->run()
 9 SYSTEMPATH\Boot.php(67): CodeIgniter\Boot::runCodeIgniter(Object(CodeIgniter\CodeIgniter))
10 FCPATH\index.php(56): CodeIgniter\Boot::bootWeb(Object(Config\Paths))
11 SYSTEMPATH\rewrite.php(44): require_once('D:\\College\\5th_Sem\\TST\\TST_UAS\\UAS\\public\\index.php')
CRITICAL - 2025-01-05 13:35:11 --> [Caused by] CodeIgniter\Database\Exceptions\DatabaseException: Table 'foodmart.users' doesn't exist
in SYSTEMPATH\Database\MySQLi\Connection.php on line 317.
 1 SYSTEMPATH\Database\BaseConnection.php(734): CodeIgniter\Database\MySQLi\Connection->execute('SELECT *
FROM `users`
WHERE `email` = \'lol@gmail.com\'
 LIMIT 1')
 2 SYSTEMPATH\Database\BaseConnection.php(648): CodeIgniter\Database\BaseConnection->simpleQuery('SELECT *
FROM `users`
WHERE `email` = \'lol@gmail.com\'
 LIMIT 1')
 3 SYSTEMPATH\Database\BaseBuilder.php(1644): CodeIgniter\Database\BaseConnection->query('SELECT *
FROM `users`
WHERE `email` = :email:
 LIMIT 1', [...], false)
 4 SYSTEMPATH\Model.php(330): CodeIgniter\Database\BaseBuilder->get()
 5 SYSTEMPATH\BaseModel.php(714): CodeIgniter\Model->doFirst()
 6 APPPATH\Controllers\AuthController.php(82): CodeIgniter\BaseModel->first()
 7 SYSTEMPATH\CodeIgniter.php(933): App\Controllers\AuthController->authenticate()
 8 SYSTEMPATH\CodeIgniter.php(509): CodeIgniter\CodeIgniter->runController(Object(App\Controllers\AuthController))
 9 SYSTEMPATH\CodeIgniter.php(355): CodeIgniter\CodeIgniter->handleRequest(null, Object(Config\Cache), false)
10 SYSTEMPATH\Boot.php(325): CodeIgniter\CodeIgniter->run()
11 SYSTEMPATH\Boot.php(67): CodeIgniter\Boot::runCodeIgniter(Object(CodeIgniter\CodeIgniter))
12 FCPATH\index.php(56): CodeIgniter\Boot::bootWeb(Object(Config\Paths))
13 SYSTEMPATH\rewrite.php(44): require_once('D:\\College\\5th_Sem\\TST\\TST_UAS\\UAS\\public\\index.php')
CRITICAL - 2025-01-05 13:35:11 --> [Caused by] mysqli_sql_exception: Table 'foodmart.users' doesn't exist
in SYSTEMPATH\Database\MySQLi\Connection.php on line 312.
 1 SYSTEMPATH\Database\MySQLi\Connection.php(312): mysqli->query('SELECT *
FROM `users`
WHERE `email` = \'lol@gmail.com\'
 LIMIT 1', 0)
 2 SYSTEMPATH\Database\BaseConnection.php(734): CodeIgniter\Database\MySQLi\Connection->execute('SELECT *
FROM `users`
WHERE `email` = \'lol@gmail.com\'
 LIMIT 1')
 3 SYSTEMPATH\Database\BaseConnection.php(648): CodeIgniter\Database\BaseConnection->simpleQuery('SELECT *
FROM `users`
WHERE `email` = \'lol@gmail.com\'
 LIMIT 1')
 4 SYSTEMPATH\Database\BaseBuilder.php(1644): CodeIgniter\Database\BaseConnection->query('SELECT *
FROM `users`
WHERE `email` = :email:
 LIMIT 1', [...], false)
 5 SYSTEMPATH\Model.php(330): CodeIgniter\Database\BaseBuilder->get()
 6 SYSTEMPATH\BaseModel.php(714): CodeIgniter\Model->doFirst()
 7 APPPATH\Controllers\AuthController.php(82): CodeIgniter\BaseModel->first()
 8 SYSTEMPATH\CodeIgniter.php(933): App\Controllers\AuthController->authenticate()
 9 SYSTEMPATH\CodeIgniter.php(509): CodeIgniter\CodeIgniter->runController(Object(App\Controllers\AuthController))
10 SYSTEMPATH\CodeIgniter.php(355): CodeIgniter\CodeIgniter->handleRequest(null, Object(Config\Cache), false)
11 SYSTEMPATH\Boot.php(325): CodeIgniter\CodeIgniter->run()
12 SYSTEMPATH\Boot.php(67): CodeIgniter\Boot::runCodeIgniter(Object(CodeIgniter\CodeIgniter))
13 FCPATH\index.php(56): CodeIgniter\Boot::bootWeb(Object(Config\Paths))
14 SYSTEMPATH\rewrite.php(44): require_once('D:\\College\\5th_Sem\\TST\\TST_UAS\\UAS\\public\\index.php')
INFO - 2025-01-05 13:35:38 --> Session: Class initialized using 'CodeIgniter\Session\Handlers\FileHandler' driver.
WARNING - 2025-01-05 13:35:38 --> Session: Sessions is enabled, and one exists. Please don't $session->start();
INFO - 2025-01-05 13:35:40 --> Session: Class initialized using 'CodeIgniter\Session\Handlers\FileHandler' driver.
WARNING - 2025-01-05 13:35:40 --> Session: Sessions is enabled, and one exists. Please don't $session->start();
INFO - 2025-01-05 13:35:44 --> Session: Class initialized using 'CodeIgniter\Session\Handlers\FileHandler' driver.
WARNING - 2025-01-05 13:35:44 --> Session: Sessions is enabled, and one exists. Please don't $session->start();
ERROR - 2025-01-05 13:35:44 --> mysqli_sql_exception: Table 'foodmart.users' doesn't exist in D:\College\5th_Sem\TST\TST_UAS\UAS\system\Database\MySQLi\Connection.php:312
Stack trace:
#0 D:\College\5th_Sem\TST\TST_UAS\UAS\system\Database\MySQLi\Connection.php(312): mysqli->query('SELECT *\nFROM `...', 0)
#1 D:\College\5th_Sem\TST\TST_UAS\UAS\system\Database\BaseConnection.php(734): CodeIgniter\Database\MySQLi\Connection->execute('SELECT *\nFROM `...')
#2 D:\College\5th_Sem\TST\TST_UAS\UAS\system\Database\BaseConnection.php(648): CodeIgniter\Database\BaseConnection->simpleQuery('SELECT *\nFROM `...')
#3 D:\College\5th_Sem\TST\TST_UAS\UAS\system\Database\BaseBuilder.php(1644): CodeIgniter\Database\BaseConnection->query('SELECT *\nFROM `...', Array, false)
#4 D:\College\5th_Sem\TST\TST_UAS\UAS\system\Model.php(330): CodeIgniter\Database\BaseBuilder->get()
#5 D:\College\5th_Sem\TST\TST_UAS\UAS\system\BaseModel.php(714): CodeIgniter\Model->doFirst()
#6 D:\College\5th_Sem\TST\TST_UAS\UAS\app\Controllers\AuthController.php(82): CodeIgniter\BaseModel->first()
#7 D:\College\5th_Sem\TST\TST_UAS\UAS\system\CodeIgniter.php(933): App\Controllers\AuthController->authenticate()
#8 D:\College\5th_Sem\TST\TST_UAS\UAS\system\CodeIgniter.php(509): CodeIgniter\CodeIgniter->runController(Object(App\Controllers\AuthController))
#9 D:\College\5th_Sem\TST\TST_UAS\UAS\system\CodeIgniter.php(355): CodeIgniter\CodeIgniter->handleRequest(NULL, Object(Config\Cache), false)
#10 D:\College\5th_Sem\TST\TST_UAS\UAS\system\Boot.php(325): CodeIgniter\CodeIgniter->run()
#11 D:\College\5th_Sem\TST\TST_UAS\UAS\system\Boot.php(67): CodeIgniter\Boot::runCodeIgniter(Object(CodeIgniter\CodeIgniter))
#12 D:\College\5th_Sem\TST\TST_UAS\UAS\public\index.php(56): CodeIgniter\Boot::bootWeb(Object(Config\Paths))
#13 D:\College\5th_Sem\TST\TST_UAS\UAS\system\rewrite.php(44): require_once('D:\\College\\5th_...')
#14 {main}
CRITICAL - 2025-01-05 13:35:44 --> CodeIgniter\Database\Exceptions\DatabaseException: Table 'foodmart.users' doesn't exist
[Method: POST, Route: authenticate]
in SYSTEMPATH\Database\BaseConnection.php on line 688.
 1 SYSTEMPATH\Database\BaseBuilder.php(1644): CodeIgniter\Database\BaseConnection->query('SELECT *
FROM `users`
WHERE `email` = :email:
 LIMIT 1', [...], false)
 2 SYSTEMPATH\Model.php(330): CodeIgniter\Database\BaseBuilder->get()
 3 SYSTEMPATH\BaseModel.php(714): CodeIgniter\Model->doFirst()
 4 APPPATH\Controllers\AuthController.php(82): CodeIgniter\BaseModel->first()
 5 SYSTEMPATH\CodeIgniter.php(933): App\Controllers\AuthController->authenticate()
 6 SYSTEMPATH\CodeIgniter.php(509): CodeIgniter\CodeIgniter->runController(Object(App\Controllers\AuthController))
 7 SYSTEMPATH\CodeIgniter.php(355): CodeIgniter\CodeIgniter->handleRequest(null, Object(Config\Cache), false)
 8 SYSTEMPATH\Boot.php(325): CodeIgniter\CodeIgniter->run()
 9 SYSTEMPATH\Boot.php(67): CodeIgniter\Boot::runCodeIgniter(Object(CodeIgniter\CodeIgniter))
10 FCPATH\index.php(56): CodeIgniter\Boot::bootWeb(Object(Config\Paths))
11 SYSTEMPATH\rewrite.php(44): require_once('D:\\College\\5th_Sem\\TST\\TST_UAS\\UAS\\public\\index.php')
CRITICAL - 2025-01-05 13:35:44 --> [Caused by] CodeIgniter\Database\Exceptions\DatabaseException: Table 'foodmart.users' doesn't exist
in SYSTEMPATH\Database\MySQLi\Connection.php on line 317.
 1 SYSTEMPATH\Database\BaseConnection.php(734): CodeIgniter\Database\MySQLi\Connection->execute('SELECT *
FROM `users`
WHERE `email` = \'lol@gmail.com\'
 LIMIT 1')
 2 SYSTEMPATH\Database\BaseConnection.php(648): CodeIgniter\Database\BaseConnection->simpleQuery('SELECT *
FROM `users`
WHERE `email` = \'lol@gmail.com\'
 LIMIT 1')
 3 SYSTEMPATH\Database\BaseBuilder.php(1644): CodeIgniter\Database\BaseConnection->query('SELECT *
FROM `users`
WHERE `email` = :email:
 LIMIT 1', [...], false)
 4 SYSTEMPATH\Model.php(330): CodeIgniter\Database\BaseBuilder->get()
 5 SYSTEMPATH\BaseModel.php(714): CodeIgniter\Model->doFirst()
 6 APPPATH\Controllers\AuthController.php(82): CodeIgniter\BaseModel->first()
 7 SYSTEMPATH\CodeIgniter.php(933): App\Controllers\AuthController->authenticate()
 8 SYSTEMPATH\CodeIgniter.php(509): CodeIgniter\CodeIgniter->runController(Object(App\Controllers\AuthController))
 9 SYSTEMPATH\CodeIgniter.php(355): CodeIgniter\CodeIgniter->handleRequest(null, Object(Config\Cache), false)
10 SYSTEMPATH\Boot.php(325): CodeIgniter\CodeIgniter->run()
11 SYSTEMPATH\Boot.php(67): CodeIgniter\Boot::runCodeIgniter(Object(CodeIgniter\CodeIgniter))
12 FCPATH\index.php(56): CodeIgniter\Boot::bootWeb(Object(Config\Paths))
13 SYSTEMPATH\rewrite.php(44): require_once('D:\\College\\5th_Sem\\TST\\TST_UAS\\UAS\\public\\index.php')
CRITICAL - 2025-01-05 13:35:44 --> [Caused by] mysqli_sql_exception: Table 'foodmart.users' doesn't exist
in SYSTEMPATH\Database\MySQLi\Connection.php on line 312.
 1 SYSTEMPATH\Database\MySQLi\Connection.php(312): mysqli->query('SELECT *
FROM `users`
WHERE `email` = \'lol@gmail.com\'
 LIMIT 1', 0)
 2 SYSTEMPATH\Database\BaseConnection.php(734): CodeIgniter\Database\MySQLi\Connection->execute('SELECT *
FROM `users`
WHERE `email` = \'lol@gmail.com\'
 LIMIT 1')
 3 SYSTEMPATH\Database\BaseConnection.php(648): CodeIgniter\Database\BaseConnection->simpleQuery('SELECT *
FROM `users`
WHERE `email` = \'lol@gmail.com\'
 LIMIT 1')
 4 SYSTEMPATH\Database\BaseBuilder.php(1644): CodeIgniter\Database\BaseConnection->query('SELECT *
FROM `users`
WHERE `email` = :email:
 LIMIT 1', [...], false)
 5 SYSTEMPATH\Model.php(330): CodeIgniter\Database\BaseBuilder->get()
 6 SYSTEMPATH\BaseModel.php(714): CodeIgniter\Model->doFirst()
 7 APPPATH\Controllers\AuthController.php(82): CodeIgniter\BaseModel->first()
 8 SYSTEMPATH\CodeIgniter.php(933): App\Controllers\AuthController->authenticate()
 9 SYSTEMPATH\CodeIgniter.php(509): CodeIgniter\CodeIgniter->runController(Object(App\Controllers\AuthController))
10 SYSTEMPATH\CodeIgniter.php(355): CodeIgniter\CodeIgniter->handleRequest(null, Object(Config\Cache), false)
11 SYSTEMPATH\Boot.php(325): CodeIgniter\CodeIgniter->run()
12 SYSTEMPATH\Boot.php(67): CodeIgniter\Boot::runCodeIgniter(Object(CodeIgniter\CodeIgniter))
13 FCPATH\index.php(56): CodeIgniter\Boot::bootWeb(Object(Config\Paths))
14 SYSTEMPATH\rewrite.php(44): require_once('D:\\College\\5th_Sem\\TST\\TST_UAS\\UAS\\public\\index.php')
INFO - 2025-01-05 13:36:09 --> Session: Class initialized using 'CodeIgniter\Session\Handlers\FileHandler' driver.
WARNING - 2025-01-05 13:36:09 --> Session: Sessions is enabled, and one exists. Please don't $session->start();
INFO - 2025-01-05 13:36:09 --> Session: Class initialized using 'CodeIgniter\Session\Handlers\FileHandler' driver.
INFO - 2025-01-05 13:37:50 --> Session: Class initialized using 'CodeIgniter\Session\Handlers\FileHandler' driver.
WARNING - 2025-01-05 13:37:50 --> [DEPRECATED] Creation of dynamic property App\Controllers\TestController::$jwtKey is deprecated in APPPATH\Controllers\TestController.php on line 26.
 1 SYSTEMPATH\CodeIgniter.php(903): App\Controllers\TestController->__construct()
 2 SYSTEMPATH\CodeIgniter.php(500): CodeIgniter\CodeIgniter->createController()
 3 SYSTEMPATH\CodeIgniter.php(355): CodeIgniter\CodeIgniter->handleRequest(null, Object(Config\Cache), false)
 4 SYSTEMPATH\Boot.php(325): CodeIgniter\CodeIgniter->run()
 5 SYSTEMPATH\Boot.php(67): CodeIgniter\Boot::runCodeIgniter(Object(CodeIgniter\CodeIgniter))
 6 FCPATH\index.php(56): CodeIgniter\Boot::bootWeb(Object(Config\Paths))
 7 SYSTEMPATH\rewrite.php(44): require_once('D:\\College\\5th_Sem\\TST\\TST_UAS\\UAS\\public\\index.php')
INFO - 2025-01-05 13:37:50 --> Session: Class initialized using 'CodeIgniter\Session\Handlers\FileHandler' driver.
WARNING - 2025-01-05 13:37:50 --> [DEPRECATED] Creation of dynamic property App\Controllers\TestController::$jwtKey is deprecated in APPPATH\Controllers\TestController.php on line 26.
 1 SYSTEMPATH\CodeIgniter.php(903): App\Controllers\TestController->__construct()
 2 SYSTEMPATH\CodeIgniter.php(500): CodeIgniter\CodeIgniter->createController()
 3 SYSTEMPATH\CodeIgniter.php(355): CodeIgniter\CodeIgniter->handleRequest(null, Object(Config\Cache), false)
 4 SYSTEMPATH\Boot.php(325): CodeIgniter\CodeIgniter->run()
 5 SYSTEMPATH\Boot.php(67): CodeIgniter\Boot::runCodeIgniter(Object(CodeIgniter\CodeIgniter))
 6 FCPATH\index.php(56): CodeIgniter\Boot::bootWeb(Object(Config\Paths))
 7 SYSTEMPATH\rewrite.php(44): require_once('D:\\College\\5th_Sem\\TST\\TST_UAS\\UAS\\public\\index.php')
INFO - 2025-01-05 13:37:54 --> Session: Class initialized using 'CodeIgniter\Session\Handlers\FileHandler' driver.
WARNING - 2025-01-05 13:37:54 --> [DEPRECATED] Creation of dynamic property App\Controllers\TestController::$jwtKey is deprecated in APPPATH\Controllers\TestController.php on line 26.
 1 SYSTEMPATH\CodeIgniter.php(903): App\Controllers\TestController->__construct()
 2 SYSTEMPATH\CodeIgniter.php(500): CodeIgniter\CodeIgniter->createController()
 3 SYSTEMPATH\CodeIgniter.php(355): CodeIgniter\CodeIgniter->handleRequest(null, Object(Config\Cache), false)
 4 SYSTEMPATH\Boot.php(325): CodeIgniter\CodeIgniter->run()
 5 SYSTEMPATH\Boot.php(67): CodeIgniter\Boot::runCodeIgniter(Object(CodeIgniter\CodeIgniter))
 6 FCPATH\index.php(56): CodeIgniter\Boot::bootWeb(Object(Config\Paths))
 7 SYSTEMPATH\rewrite.php(44): require_once('D:\\College\\5th_Sem\\TST\\TST_UAS\\UAS\\public\\index.php')
INFO - 2025-01-05 13:37:54 --> Session: Class initialized using 'CodeIgniter\Session\Handlers\FileHandler' driver.
WARNING - 2025-01-05 13:37:54 --> [DEPRECATED] Creation of dynamic property App\Controllers\TestController::$jwtKey is deprecated in APPPATH\Controllers\TestController.php on line 26.
 1 SYSTEMPATH\CodeIgniter.php(903): App\Controllers\TestController->__construct()
 2 SYSTEMPATH\CodeIgniter.php(500): CodeIgniter\CodeIgniter->createController()
 3 SYSTEMPATH\CodeIgniter.php(355): CodeIgniter\CodeIgniter->handleRequest(null, Object(Config\Cache), false)
 4 SYSTEMPATH\Boot.php(325): CodeIgniter\CodeIgniter->run()
 5 SYSTEMPATH\Boot.php(67): CodeIgniter\Boot::runCodeIgniter(Object(CodeIgniter\CodeIgniter))
 6 FCPATH\index.php(56): CodeIgniter\Boot::bootWeb(Object(Config\Paths))
 7 SYSTEMPATH\rewrite.php(44): require_once('D:\\College\\5th_Sem\\TST\\TST_UAS\\UAS\\public\\index.php')
INFO - 2025-01-05 13:37:54 --> Session: Class initialized using 'CodeIgniter\Session\Handlers\FileHandler' driver.
WARNING - 2025-01-05 13:37:54 --> [DEPRECATED] Creation of dynamic property App\Controllers\TestController::$jwtKey is deprecated in APPPATH\Controllers\TestController.php on line 26.
 1 SYSTEMPATH\CodeIgniter.php(903): App\Controllers\TestController->__construct()
 2 SYSTEMPATH\CodeIgniter.php(500): CodeIgniter\CodeIgniter->createController()
 3 SYSTEMPATH\CodeIgniter.php(355): CodeIgniter\CodeIgniter->handleRequest(null, Object(Config\Cache), false)
 4 SYSTEMPATH\Boot.php(325): CodeIgniter\CodeIgniter->run()
 5 SYSTEMPATH\Boot.php(67): CodeIgniter\Boot::runCodeIgniter(Object(CodeIgniter\CodeIgniter))
 6 FCPATH\index.php(56): CodeIgniter\Boot::bootWeb(Object(Config\Paths))
 7 SYSTEMPATH\rewrite.php(44): require_once('D:\\College\\5th_Sem\\TST\\TST_UAS\\UAS\\public\\index.php')
INFO - 2025-01-05 13:37:56 --> Session: Class initialized using 'CodeIgniter\Session\Handlers\FileHandler' driver.
WARNING - 2025-01-05 13:37:56 --> [DEPRECATED] Creation of dynamic property App\Controllers\TestController::$jwtKey is deprecated in APPPATH\Controllers\TestController.php on line 26.
 1 SYSTEMPATH\CodeIgniter.php(903): App\Controllers\TestController->__construct()
 2 SYSTEMPATH\CodeIgniter.php(500): CodeIgniter\CodeIgniter->createController()
 3 SYSTEMPATH\CodeIgniter.php(355): CodeIgniter\CodeIgniter->handleRequest(null, Object(Config\Cache), false)
 4 SYSTEMPATH\Boot.php(325): CodeIgniter\CodeIgniter->run()
 5 SYSTEMPATH\Boot.php(67): CodeIgniter\Boot::runCodeIgniter(Object(CodeIgniter\CodeIgniter))
 6 FCPATH\index.php(56): CodeIgniter\Boot::bootWeb(Object(Config\Paths))
 7 SYSTEMPATH\rewrite.php(44): require_once('D:\\College\\5th_Sem\\TST\\TST_UAS\\UAS\\public\\index.php')
INFO - 2025-01-05 13:37:57 --> Session: Class initialized using 'CodeIgniter\Session\Handlers\FileHandler' driver.
WARNING - 2025-01-05 13:37:57 --> [DEPRECATED] Creation of dynamic property App\Controllers\TestController::$jwtKey is deprecated in APPPATH\Controllers\TestController.php on line 26.
 1 SYSTEMPATH\CodeIgniter.php(903): App\Controllers\TestController->__construct()
 2 SYSTEMPATH\CodeIgniter.php(500): CodeIgniter\CodeIgniter->createController()
 3 SYSTEMPATH\CodeIgniter.php(355): CodeIgniter\CodeIgniter->handleRequest(null, Object(Config\Cache), false)
 4 SYSTEMPATH\Boot.php(325): CodeIgniter\CodeIgniter->run()
 5 SYSTEMPATH\Boot.php(67): CodeIgniter\Boot::runCodeIgniter(Object(CodeIgniter\CodeIgniter))
 6 FCPATH\index.php(56): CodeIgniter\Boot::bootWeb(Object(Config\Paths))
 7 SYSTEMPATH\rewrite.php(44): require_once('D:\\College\\5th_Sem\\TST\\TST_UAS\\UAS\\public\\index.php')
INFO - 2025-01-05 13:37:57 --> Session: Class initialized using 'CodeIgniter\Session\Handlers\FileHandler' driver.
WARNING - 2025-01-05 13:37:57 --> [DEPRECATED] Creation of dynamic property App\Controllers\TestController::$jwtKey is deprecated in APPPATH\Controllers\TestController.php on line 26.
 1 SYSTEMPATH\CodeIgniter.php(903): App\Controllers\TestController->__construct()
 2 SYSTEMPATH\CodeIgniter.php(500): CodeIgniter\CodeIgniter->createController()
 3 SYSTEMPATH\CodeIgniter.php(355): CodeIgniter\CodeIgniter->handleRequest(null, Object(Config\Cache), false)
 4 SYSTEMPATH\Boot.php(325): CodeIgniter\CodeIgniter->run()
 5 SYSTEMPATH\Boot.php(67): CodeIgniter\Boot::runCodeIgniter(Object(CodeIgniter\CodeIgniter))
 6 FCPATH\index.php(56): CodeIgniter\Boot::bootWeb(Object(Config\Paths))
 7 SYSTEMPATH\rewrite.php(44): require_once('D:\\College\\5th_Sem\\TST\\TST_UAS\\UAS\\public\\index.php')
INFO - 2025-01-05 13:38:00 --> Session: Class initialized using 'CodeIgniter\Session\Handlers\FileHandler' driver.
WARNING - 2025-01-05 13:38:00 --> [DEPRECATED] Creation of dynamic property App\Controllers\TestController::$jwtKey is deprecated in APPPATH\Controllers\TestController.php on line 26.
 1 SYSTEMPATH\CodeIgniter.php(903): App\Controllers\TestController->__construct()
 2 SYSTEMPATH\CodeIgniter.php(500): CodeIgniter\CodeIgniter->createController()
 3 SYSTEMPATH\CodeIgniter.php(355): CodeIgniter\CodeIgniter->handleRequest(null, Object(Config\Cache), false)
 4 SYSTEMPATH\Boot.php(325): CodeIgniter\CodeIgniter->run()
 5 SYSTEMPATH\Boot.php(67): CodeIgniter\Boot::runCodeIgniter(Object(CodeIgniter\CodeIgniter))
 6 FCPATH\index.php(56): CodeIgniter\Boot::bootWeb(Object(Config\Paths))
 7 SYSTEMPATH\rewrite.php(44): require_once('D:\\College\\5th_Sem\\TST\\TST_UAS\\UAS\\public\\index.php')
INFO - 2025-01-05 13:38:00 --> Session: Class initialized using 'CodeIgniter\Session\Handlers\FileHandler' driver.
WARNING - 2025-01-05 13:38:00 --> [DEPRECATED] Creation of dynamic property App\Controllers\TestController::$jwtKey is deprecated in APPPATH\Controllers\TestController.php on line 26.
 1 SYSTEMPATH\CodeIgniter.php(903): App\Controllers\TestController->__construct()
 2 SYSTEMPATH\CodeIgniter.php(500): CodeIgniter\CodeIgniter->createController()
 3 SYSTEMPATH\CodeIgniter.php(355): CodeIgniter\CodeIgniter->handleRequest(null, Object(Config\Cache), false)
 4 SYSTEMPATH\Boot.php(325): CodeIgniter\CodeIgniter->run()
 5 SYSTEMPATH\Boot.php(67): CodeIgniter\Boot::runCodeIgniter(Object(CodeIgniter\CodeIgniter))
 6 FCPATH\index.php(56): CodeIgniter\Boot::bootWeb(Object(Config\Paths))
 7 SYSTEMPATH\rewrite.php(44): require_once('D:\\College\\5th_Sem\\TST\\TST_UAS\\UAS\\public\\index.php')
INFO - 2025-01-05 13:38:00 --> Session: Class initialized using 'CodeIgniter\Session\Handlers\FileHandler' driver.
WARNING - 2025-01-05 13:38:00 --> [DEPRECATED] Creation of dynamic property App\Controllers\TestController::$jwtKey is deprecated in APPPATH\Controllers\TestController.php on line 26.
 1 SYSTEMPATH\CodeIgniter.php(903): App\Controllers\TestController->__construct()
 2 SYSTEMPATH\CodeIgniter.php(500): CodeIgniter\CodeIgniter->createController()
 3 SYSTEMPATH\CodeIgniter.php(355): CodeIgniter\CodeIgniter->handleRequest(null, Object(Config\Cache), false)
 4 SYSTEMPATH\Boot.php(325): CodeIgniter\CodeIgniter->run()
 5 SYSTEMPATH\Boot.php(67): CodeIgniter\Boot::runCodeIgniter(Object(CodeIgniter\CodeIgniter))
 6 FCPATH\index.php(56): CodeIgniter\Boot::bootWeb(Object(Config\Paths))
 7 SYSTEMPATH\rewrite.php(44): require_once('D:\\College\\5th_Sem\\TST\\TST_UAS\\UAS\\public\\index.php')
INFO - 2025-01-05 13:38:04 --> Session: Class initialized using 'CodeIgniter\Session\Handlers\FileHandler' driver.
WARNING - 2025-01-05 13:38:04 --> [DEPRECATED] Creation of dynamic property App\Controllers\TestController::$jwtKey is deprecated in APPPATH\Controllers\TestController.php on line 26.
 1 SYSTEMPATH\CodeIgniter.php(903): App\Controllers\TestController->__construct()
 2 SYSTEMPATH\CodeIgniter.php(500): CodeIgniter\CodeIgniter->createController()
 3 SYSTEMPATH\CodeIgniter.php(355): CodeIgniter\CodeIgniter->handleRequest(null, Object(Config\Cache), false)
 4 SYSTEMPATH\Boot.php(325): CodeIgniter\CodeIgniter->run()
 5 SYSTEMPATH\Boot.php(67): CodeIgniter\Boot::runCodeIgniter(Object(CodeIgniter\CodeIgniter))
 6 FCPATH\index.php(56): CodeIgniter\Boot::bootWeb(Object(Config\Paths))
 7 SYSTEMPATH\rewrite.php(44): require_once('D:\\College\\5th_Sem\\TST\\TST_UAS\\UAS\\public\\index.php')
INFO - 2025-01-05 13:38:04 --> Session: Class initialized using 'CodeIgniter\Session\Handlers\FileHandler' driver.
WARNING - 2025-01-05 13:38:04 --> [DEPRECATED] Creation of dynamic property App\Controllers\TestController::$jwtKey is deprecated in APPPATH\Controllers\TestController.php on line 26.
 1 SYSTEMPATH\CodeIgniter.php(903): App\Controllers\TestController->__construct()
 2 SYSTEMPATH\CodeIgniter.php(500): CodeIgniter\CodeIgniter->createController()
 3 SYSTEMPATH\CodeIgniter.php(355): CodeIgniter\CodeIgniter->handleRequest(null, Object(Config\Cache), false)
 4 SYSTEMPATH\Boot.php(325): CodeIgniter\CodeIgniter->run()
 5 SYSTEMPATH\Boot.php(67): CodeIgniter\Boot::runCodeIgniter(Object(CodeIgniter\CodeIgniter))
 6 FCPATH\index.php(56): CodeIgniter\Boot::bootWeb(Object(Config\Paths))
 7 SYSTEMPATH\rewrite.php(44): require_once('D:\\College\\5th_Sem\\TST\\TST_UAS\\UAS\\public\\index.php')
INFO - 2025-01-05 13:38:05 --> Session: Class initialized using 'CodeIgniter\Session\Handlers\FileHandler' driver.
WARNING - 2025-01-05 13:38:05 --> [DEPRECATED] Creation of dynamic property App\Controllers\TestController::$jwtKey is deprecated in APPPATH\Controllers\TestController.php on line 26.
 1 SYSTEMPATH\CodeIgniter.php(903): App\Controllers\TestController->__construct()
 2 SYSTEMPATH\CodeIgniter.php(500): CodeIgniter\CodeIgniter->createController()
 3 SYSTEMPATH\CodeIgniter.php(355): CodeIgniter\CodeIgniter->handleRequest(null, Object(Config\Cache), false)
 4 SYSTEMPATH\Boot.php(325): CodeIgniter\CodeIgniter->run()
 5 SYSTEMPATH\Boot.php(67): CodeIgniter\Boot::runCodeIgniter(Object(CodeIgniter\CodeIgniter))
 6 FCPATH\index.php(56): CodeIgniter\Boot::bootWeb(Object(Config\Paths))
 7 SYSTEMPATH\rewrite.php(44): require_once('D:\\College\\5th_Sem\\TST\\TST_UAS\\UAS\\public\\index.php')
INFO - 2025-01-05 13:38:08 --> Session: Class initialized using 'CodeIgniter\Session\Handlers\FileHandler' driver.
WARNING - 2025-01-05 13:38:08 --> [DEPRECATED] Creation of dynamic property App\Controllers\TestController::$jwtKey is deprecated in APPPATH\Controllers\TestController.php on line 26.
 1 SYSTEMPATH\CodeIgniter.php(903): App\Controllers\TestController->__construct()
 2 SYSTEMPATH\CodeIgniter.php(500): CodeIgniter\CodeIgniter->createController()
 3 SYSTEMPATH\CodeIgniter.php(355): CodeIgniter\CodeIgniter->handleRequest(null, Object(Config\Cache), false)
 4 SYSTEMPATH\Boot.php(325): CodeIgniter\CodeIgniter->run()
 5 SYSTEMPATH\Boot.php(67): CodeIgniter\Boot::runCodeIgniter(Object(CodeIgniter\CodeIgniter))
 6 FCPATH\index.php(56): CodeIgniter\Boot::bootWeb(Object(Config\Paths))
 7 SYSTEMPATH\rewrite.php(44): require_once('D:\\College\\5th_Sem\\TST\\TST_UAS\\UAS\\public\\index.php')
WARNING - 2025-01-05 13:38:13 --> [DEPRECATED] Creation of dynamic property App\Controllers\TestController::$jwtKey is deprecated in APPPATH\Controllers\TestController.php on line 26.
 1 SYSTEMPATH\CodeIgniter.php(903): App\Controllers\TestController->__construct()
 2 SYSTEMPATH\CodeIgniter.php(500): CodeIgniter\CodeIgniter->createController()
 3 SYSTEMPATH\CodeIgniter.php(355): CodeIgniter\CodeIgniter->handleRequest(null, Object(Config\Cache), false)
 4 SYSTEMPATH\Boot.php(325): CodeIgniter\CodeIgniter->run()
 5 SYSTEMPATH\Boot.php(67): CodeIgniter\Boot::runCodeIgniter(Object(CodeIgniter\CodeIgniter))
 6 FCPATH\index.php(56): CodeIgniter\Boot::bootWeb(Object(Config\Paths))
 7 SYSTEMPATH\rewrite.php(44): require_once('D:\\College\\5th_Sem\\TST\\TST_UAS\\UAS\\public\\index.php')
INFO - 2025-01-05 13:38:13 --> Session: Class initialized using 'CodeIgniter\Session\Handlers\FileHandler' driver.
INFO - 2025-01-05 13:38:13 --> Session: Class initialized using 'CodeIgniter\Session\Handlers\FileHandler' driver.
WARNING - 2025-01-05 13:38:13 --> [DEPRECATED] Creation of dynamic property App\Controllers\TestController::$jwtKey is deprecated in APPPATH\Controllers\TestController.php on line 26.
 1 SYSTEMPATH\CodeIgniter.php(903): App\Controllers\TestController->__construct()
 2 SYSTEMPATH\CodeIgniter.php(500): CodeIgniter\CodeIgniter->createController()
 3 SYSTEMPATH\CodeIgniter.php(355): CodeIgniter\CodeIgniter->handleRequest(null, Object(Config\Cache), false)
 4 SYSTEMPATH\Boot.php(325): CodeIgniter\CodeIgniter->run()
 5 SYSTEMPATH\Boot.php(67): CodeIgniter\Boot::runCodeIgniter(Object(CodeIgniter\CodeIgniter))
 6 FCPATH\index.php(56): CodeIgniter\Boot::bootWeb(Object(Config\Paths))
 7 SYSTEMPATH\rewrite.php(44): require_once('D:\\College\\5th_Sem\\TST\\TST_UAS\\UAS\\public\\index.php')
INFO - 2025-01-05 13:38:13 --> Session: Class initialized using 'CodeIgniter\Session\Handlers\FileHandler' driver.
WARNING - 2025-01-05 13:38:13 --> [DEPRECATED] Creation of dynamic property App\Controllers\TestController::$jwtKey is deprecated in APPPATH\Controllers\TestController.php on line 26.
 1 SYSTEMPATH\CodeIgniter.php(903): App\Controllers\TestController->__construct()
 2 SYSTEMPATH\CodeIgniter.php(500): CodeIgniter\CodeIgniter->createController()
 3 SYSTEMPATH\CodeIgniter.php(355): CodeIgniter\CodeIgniter->handleRequest(null, Object(Config\Cache), false)
 4 SYSTEMPATH\Boot.php(325): CodeIgniter\CodeIgniter->run()
 5 SYSTEMPATH\Boot.php(67): CodeIgniter\Boot::runCodeIgniter(Object(CodeIgniter\CodeIgniter))
 6 FCPATH\index.php(56): CodeIgniter\Boot::bootWeb(Object(Config\Paths))
 7 SYSTEMPATH\rewrite.php(44): require_once('D:\\College\\5th_Sem\\TST\\TST_UAS\\UAS\\public\\index.php')
INFO - 2025-01-05 13:38:18 --> Session: Class initialized using 'CodeIgniter\Session\Handlers\FileHandler' driver.
WARNING - 2025-01-05 13:38:18 --> [DEPRECATED] Creation of dynamic property App\Controllers\TestController::$jwtKey is deprecated in APPPATH\Controllers\TestController.php on line 26.
 1 SYSTEMPATH\CodeIgniter.php(903): App\Controllers\TestController->__construct()
 2 SYSTEMPATH\CodeIgniter.php(500): CodeIgniter\CodeIgniter->createController()
 3 SYSTEMPATH\CodeIgniter.php(355): CodeIgniter\CodeIgniter->handleRequest(null, Object(Config\Cache), false)
 4 SYSTEMPATH\Boot.php(325): CodeIgniter\CodeIgniter->run()
 5 SYSTEMPATH\Boot.php(67): CodeIgniter\Boot::runCodeIgniter(Object(CodeIgniter\CodeIgniter))
 6 FCPATH\index.php(56): CodeIgniter\Boot::bootWeb(Object(Config\Paths))
 7 SYSTEMPATH\rewrite.php(44): require_once('D:\\College\\5th_Sem\\TST\\TST_UAS\\UAS\\public\\index.php')
INFO - 2025-01-05 13:38:22 --> Session: Class initialized using 'CodeIgniter\Session\Handlers\FileHandler' driver.
INFO - 2025-01-05 14:14:04 --> Session: Class initialized using 'CodeIgniter\Session\Handlers\FileHandler' driver.
WARNING - 2025-01-05 14:14:04 --> Session: Sessions is enabled, and one exists. Please don't $session->start();
INFO - 2025-01-05 14:14:08 --> Session: Class initialized using 'CodeIgniter\Session\Handlers\FileHandler' driver.
WARNING - 2025-01-05 14:14:08 --> Session: Sessions is enabled, and one exists. Please don't $session->start();
INFO - 2025-01-05 14:14:10 --> Session: Class initialized using 'CodeIgniter\Session\Handlers\FileHandler' driver.
WARNING - 2025-01-05 14:14:10 --> Session: Sessions is enabled, and one exists. Please don't $session->start();
INFO - 2025-01-05 14:14:11 --> Session: Class initialized using 'CodeIgniter\Session\Handlers\FileHandler' driver.
WARNING - 2025-01-05 14:14:11 --> Session: Sessions is enabled, and one exists. Please don't $session->start();
INFO - 2025-01-05 14:14:12 --> Session: Class initialized using 'CodeIgniter\Session\Handlers\FileHandler' driver.
WARNING - 2025-01-05 14:14:12 --> Session: Sessions is enabled, and one exists. Please don't $session->start();
INFO - 2025-01-05 14:14:14 --> Session: Class initialized using 'CodeIgniter\Session\Handlers\FileHandler' driver.
WARNING - 2025-01-05 14:14:14 --> Session: Sessions is enabled, and one exists. Please don't $session->start();
INFO - 2025-01-05 14:14:16 --> Session: Class initialized using 'CodeIgniter\Session\Handlers\FileHandler' driver.
WARNING - 2025-01-05 14:14:16 --> Session: Sessions is enabled, and one exists. Please don't $session->start();
INFO - 2025-01-05 14:14:43 --> Session: Class initialized using 'CodeIgniter\Session\Handlers\FileHandler' driver.
WARNING - 2025-01-05 14:14:43 --> Session: Sessions is enabled, and one exists. Please don't $session->start();
